mode: atomic
github.com/arkeo/arkeo/internal/config/config.go:41.30,156.2 1 0
github.com/arkeo/arkeo/internal/config/config.go:166.28,171.2 2 0
github.com/arkeo/arkeo/internal/config/config.go:174.32,177.16 2 0
github.com/arkeo/arkeo/internal/config/config.go:177.16,179.3 1 0
github.com/arkeo/arkeo/internal/config/config.go:181.2,192.47 6 0
github.com/arkeo/arkeo/internal/config/config.go:192.47,193.55 1 0
github.com/arkeo/arkeo/internal/config/config.go:193.55,195.50 1 0
github.com/arkeo/arkeo/internal/config/config.go:195.50,197.5 1 0
github.com/arkeo/arkeo/internal/config/config.go:198.9,200.4 1 0
github.com/arkeo/arkeo/internal/config/config.go:204.2,205.52 2 0
github.com/arkeo/arkeo/internal/config/config.go:205.52,207.3 1 0
github.com/arkeo/arkeo/internal/config/config.go:209.2,209.12 1 0
github.com/arkeo/arkeo/internal/config/config.go:213.32,214.21 1 0
github.com/arkeo/arkeo/internal/config/config.go:214.21,216.3 1 0
github.com/arkeo/arkeo/internal/config/config.go:219.2,220.53 2 0
github.com/arkeo/arkeo/internal/config/config.go:220.53,222.3 1 0
github.com/arkeo/arkeo/internal/config/config.go:225.2,226.16 2 0
github.com/arkeo/arkeo/internal/config/config.go:226.16,228.3 1 0
github.com/arkeo/arkeo/internal/config/config.go:230.2,230.63 1 0
github.com/arkeo/arkeo/internal/config/config.go:230.63,232.3 1 0
github.com/arkeo/arkeo/internal/config/config.go:234.2,234.12 1 0
github.com/arkeo/arkeo/internal/config/config.go:238.39,240.2 1 0
github.com/arkeo/arkeo/internal/config/config.go:243.75,244.32 1 0
github.com/arkeo/arkeo/internal/config/config.go:244.32,246.3 1 0
github.com/arkeo/arkeo/internal/config/config.go:247.2,247.36 1 0
github.com/arkeo/arkeo/internal/config/config.go:251.87,252.32 1 0
github.com/arkeo/arkeo/internal/config/config.go:252.32,254.3 1 0
github.com/arkeo/arkeo/internal/config/config.go:256.2,257.13 2 0
github.com/arkeo/arkeo/internal/config/config.go:257.13,262.3 1 0
github.com/arkeo/arkeo/internal/config/config.go:262.8,262.42 1 0
github.com/arkeo/arkeo/internal/config/config.go:262.42,264.3 1 0
github.com/arkeo/arkeo/internal/config/config.go:266.2,267.45 2 0
github.com/arkeo/arkeo/internal/config/config.go:271.75,272.32 1 0
github.com/arkeo/arkeo/internal/config/config.go:272.32,274.3 1 0
github.com/arkeo/arkeo/internal/config/config.go:275.2,276.23 2 0
github.com/arkeo/arkeo/internal/config/config.go:280.88,282.37 2 0
github.com/arkeo/arkeo/internal/config/config.go:282.37,284.3 1 0
github.com/arkeo/arkeo/internal/config/config.go:286.2,287.22 2 0
github.com/arkeo/arkeo/internal/config/config.go:291.97,293.13 2 0
github.com/arkeo/arkeo/internal/config/config.go:293.13,295.3 1 0
github.com/arkeo/arkeo/internal/config/config.go:297.2,298.9 2 0
github.com/arkeo/arkeo/internal/config/config.go:298.9,300.3 1 0
github.com/arkeo/arkeo/internal/config/config.go:301.2,301.17 1 0
github.com/arkeo/arkeo/internal/config/config.go:305.91,307.13 2 0
github.com/arkeo/arkeo/internal/config/config.go:307.13,309.3 1 0
github.com/arkeo/arkeo/internal/config/config.go:311.2,312.9 2 0
github.com/arkeo/arkeo/internal/config/config.go:312.9,314.3 1 0
github.com/arkeo/arkeo/internal/config/config.go:315.2,315.18 1 0
github.com/arkeo/arkeo/internal/config/config.go:319.88,321.13 2 0
github.com/arkeo/arkeo/internal/config/config.go:321.13,323.3 1 0
github.com/arkeo/arkeo/internal/config/config.go:326.2,326.27 1 0
github.com/arkeo/arkeo/internal/config/config.go:327.11,328.11 1 0
github.com/arkeo/arkeo/internal/config/config.go:329.15,330.16 1 0
github.com/arkeo/arkeo/internal/config/config.go:331.10,332.22 1 0
github.com/arkeo/arkeo/internal/config/config.go:337.48,338.32 1 0
github.com/arkeo/arkeo/internal/config/config.go:338.32,340.3 1 0
github.com/arkeo/arkeo/internal/config/config.go:342.2,343.13 2 0
github.com/arkeo/arkeo/internal/config/config.go:343.13,348.3 1 0
github.com/arkeo/arkeo/internal/config/config.go:348.8,350.3 1 0
github.com/arkeo/arkeo/internal/config/config.go:352.2,352.36 1 0
github.com/arkeo/arkeo/internal/config/config.go:356.49,357.32 1 0
github.com/arkeo/arkeo/internal/config/config.go:357.32,359.3 1 0
github.com/arkeo/arkeo/internal/config/config.go:361.2,362.13 2 0
github.com/arkeo/arkeo/internal/config/config.go:362.13,364.3 1 0
github.com/arkeo/arkeo/internal/config/config.go:366.2,367.36 2 0
github.com/arkeo/arkeo/internal/config/config.go:371.56,374.2 2 0
github.com/arkeo/arkeo/internal/config/config.go:377.42,379.2 1 0
github.com/arkeo/arkeo/internal/config/config.go:382.48,384.16 2 0
github.com/arkeo/arkeo/internal/config/config.go:384.16,386.3 1 0
github.com/arkeo/arkeo/internal/config/config.go:387.2,387.46 1 0
github.com/arkeo/arkeo/internal/config/config.go:391.50,393.2 1 0
github.com/arkeo/arkeo/internal/config/config.go:396.50,398.64 1 0
github.com/arkeo/arkeo/internal/config/config.go:398.64,400.3 1 0
github.com/arkeo/arkeo/internal/config/config.go:403.2,404.16 2 0
github.com/arkeo/arkeo/internal/config/config.go:404.16,406.3 1 0
github.com/arkeo/arkeo/internal/config/config.go:408.2,408.56 1 0
github.com/arkeo/arkeo/internal/config/config.go:412.33,419.2 3 0
github.com/arkeo/arkeo/internal/config/config.go:422.47,426.2 2 0
github.com/arkeo/arkeo/internal/config/config.go:429.36,430.21 1 0
github.com/arkeo/arkeo/internal/config/config.go:430.21,432.3 1 0
github.com/arkeo/arkeo/internal/config/config.go:435.2,435.35 1 0
github.com/arkeo/arkeo/internal/config/config.go:435.35,437.3 1 0
github.com/arkeo/arkeo/internal/config/config.go:439.2,439.33 1 0
github.com/arkeo/arkeo/internal/config/config.go:439.33,441.3 1 0
github.com/arkeo/arkeo/internal/config/config.go:443.2,443.12 1 0
github.com/arkeo/arkeo/internal/config/config.go:447.33,449.2 1 0
github.com/arkeo/arkeo/internal/config/config.go:452.45,456.2 2 0
github.com/arkeo/arkeo/internal/config/config.go:459.64,462.76 2 0
github.com/arkeo/arkeo/internal/config/config.go:462.76,464.3 1 0
github.com/arkeo/arkeo/internal/config/config.go:466.2,466.12 1 0
github.com/arkeo/arkeo/internal/config/config.go:470.54,589.2 98 0
github.com/arkeo/arkeo/main.go:9.13,12.2 2 0
github.com/arkeo/arkeo/cmd/browser.go:47.13,53.2 4 0
github.com/arkeo/arkeo/cmd/browser.go:55.59,58.41 2 0
github.com/arkeo/arkeo/cmd/browser.go:59.16,60.32 1 0
github.com/arkeo/arkeo/cmd/browser.go:61.17,62.33 1 0
github.com/arkeo/arkeo/cmd/browser.go:63.17,64.43 1 0
github.com/arkeo/arkeo/cmd/browser.go:65.10,67.13 2 0
github.com/arkeo/arkeo/cmd/browser.go:71.2,75.16 3 0
github.com/arkeo/arkeo/cmd/browser.go:75.16,78.3 2 0
github.com/arkeo/arkeo/cmd/browser.go:80.2,80.27 1 0
github.com/arkeo/arkeo/cmd/browser.go:80.27,83.3 2 0
github.com/arkeo/arkeo/cmd/browser.go:85.2,89.45 3 0
github.com/arkeo/arkeo/cmd/browser.go:89.45,91.3 1 0
github.com/arkeo/arkeo/cmd/browser.go:93.2,95.18 2 0
github.com/arkeo/arkeo/cmd/browser.go:95.18,98.3 2 0
github.com/arkeo/arkeo/cmd/browser.go:101.2,101.54 1 0
github.com/arkeo/arkeo/cmd/browser.go:105.72,107.26 2 0
github.com/arkeo/arkeo/cmd/browser.go:107.26,109.3 1 0
github.com/arkeo/arkeo/cmd/browser.go:110.2,111.46 2 0
github.com/arkeo/arkeo/cmd/browser.go:111.46,113.3 1 0
github.com/arkeo/arkeo/cmd/browser.go:114.2,115.9 2 0
github.com/arkeo/arkeo/cmd/browser.go:115.9,117.3 1 0
github.com/arkeo/arkeo/cmd/browser.go:118.2,118.44 1 0
github.com/arkeo/arkeo/cmd/browser.go:118.44,120.14 2 0
github.com/arkeo/arkeo/cmd/browser.go:120.14,122.4 1 0
github.com/arkeo/arkeo/cmd/browser.go:124.2,124.19 1 0
github.com/arkeo/arkeo/cmd/browser.go:128.83,131.26 3 0
github.com/arkeo/arkeo/cmd/browser.go:131.26,133.27 2 0
github.com/arkeo/arkeo/cmd/browser.go:133.27,135.4 1 0
github.com/arkeo/arkeo/cmd/browser.go:136.3,136.84 1 0
github.com/arkeo/arkeo/cmd/browser.go:162.110,164.26 2 0
github.com/arkeo/arkeo/cmd/browser.go:164.26,171.3 1 0
github.com/arkeo/arkeo/cmd/browser.go:173.2,179.35 3 0
github.com/arkeo/arkeo/cmd/browser.go:179.35,182.3 2 0
github.com/arkeo/arkeo/cmd/browser.go:185.37,187.2 1 0
github.com/arkeo/arkeo/cmd/browser.go:189.63,190.27 1 0
github.com/arkeo/arkeo/cmd/browser.go:191.25,193.24 2 0
github.com/arkeo/arkeo/cmd/browser.go:194.18,195.19 1 0
github.com/arkeo/arkeo/cmd/browser.go:195.19,197.4 1 0
github.com/arkeo/arkeo/cmd/browser.go:198.3,198.29 1 0
github.com/arkeo/arkeo/cmd/browser.go:200.2,200.15 1 0
github.com/arkeo/arkeo/cmd/browser.go:203.72,205.22 2 0
github.com/arkeo/arkeo/cmd/browser.go:206.21,208.21 2 0
github.com/arkeo/arkeo/cmd/browser.go:209.19,210.32 1 0
github.com/arkeo/arkeo/cmd/browser.go:210.32,212.4 1 0
github.com/arkeo/arkeo/cmd/browser.go:213.17,214.19 1 0
github.com/arkeo/arkeo/cmd/browser.go:214.19,216.4 1 0
github.com/arkeo/arkeo/cmd/browser.go:217.11,218.15 1 0
github.com/arkeo/arkeo/cmd/browser.go:219.11,220.23 1 0
github.com/arkeo/arkeo/cmd/browser.go:220.23,222.4 1 0
github.com/arkeo/arkeo/cmd/browser.go:223.20,224.50 1 0
github.com/arkeo/arkeo/cmd/browser.go:224.50,228.4 3 0
github.com/arkeo/arkeo/cmd/browser.go:229.11,231.16 2 0
github.com/arkeo/arkeo/cmd/browser.go:232.11,235.15 3 0
github.com/arkeo/arkeo/cmd/browser.go:236.11,237.31 1 0
github.com/arkeo/arkeo/cmd/browser.go:237.31,239.4 1 0
github.com/arkeo/arkeo/cmd/browser.go:240.3,240.47 1 0
github.com/arkeo/arkeo/cmd/browser.go:241.11,242.31 1 0
github.com/arkeo/arkeo/cmd/browser.go:242.31,244.4 1 0
github.com/arkeo/arkeo/cmd/browser.go:245.3,245.50 1 0
github.com/arkeo/arkeo/cmd/browser.go:247.2,247.15 1 0
github.com/arkeo/arkeo/cmd/browser.go:250.72,251.22 1 0
github.com/arkeo/arkeo/cmd/browser.go:252.13,255.15 3 0
github.com/arkeo/arkeo/cmd/browser.go:256.19,257.28 1 0
github.com/arkeo/arkeo/cmd/browser.go:257.28,259.4 1 0
github.com/arkeo/arkeo/cmd/browser.go:260.3,260.15 1 0
github.com/arkeo/arkeo/cmd/browser.go:261.10,262.29 1 0
github.com/arkeo/arkeo/cmd/browser.go:262.29,265.4 2 0
github.com/arkeo/arkeo/cmd/browser.go:267.2,267.15 1 0
github.com/arkeo/arkeo/cmd/browser.go:270.47,272.31 2 0
github.com/arkeo/arkeo/cmd/browser.go:272.31,273.20 1 0
github.com/arkeo/arkeo/cmd/browser.go:273.20,275.4 1 0
github.com/arkeo/arkeo/cmd/browser.go:277.2,279.24 2 0
github.com/arkeo/arkeo/cmd/browser.go:279.24,281.44 2 0
github.com/arkeo/arkeo/cmd/browser.go:281.44,284.4 2 0
github.com/arkeo/arkeo/cmd/browser.go:286.2,287.12 2 0
github.com/arkeo/arkeo/cmd/browser.go:292.43,293.41 1 0
github.com/arkeo/arkeo/cmd/browser.go:293.41,295.26 2 0
github.com/arkeo/arkeo/cmd/browser.go:295.26,297.4 1 0
github.com/arkeo/arkeo/cmd/browser.go:298.3,298.13 1 0
github.com/arkeo/arkeo/cmd/browser.go:300.2,301.31 2 0
github.com/arkeo/arkeo/cmd/browser.go:301.31,302.50 1 0
github.com/arkeo/arkeo/cmd/browser.go:302.50,304.4 1 0
github.com/arkeo/arkeo/cmd/browser.go:306.2,306.12 1 0
github.com/arkeo/arkeo/cmd/browser.go:309.36,310.16 1 0
github.com/arkeo/arkeo/cmd/browser.go:310.16,312.3 1 0
github.com/arkeo/arkeo/cmd/browser.go:314.2,341.18 7 0
github.com/arkeo/arkeo/cmd/browser.go:341.18,344.3 2 0
github.com/arkeo/arkeo/cmd/browser.go:346.2,350.17 3 0
github.com/arkeo/arkeo/cmd/browser.go:350.17,352.3 1 0
github.com/arkeo/arkeo/cmd/browser.go:353.2,353.28 1 0
github.com/arkeo/arkeo/cmd/browser.go:353.28,355.3 1 0
github.com/arkeo/arkeo/cmd/browser.go:358.2,359.25 2 0
github.com/arkeo/arkeo/cmd/browser.go:359.25,361.3 1 0
github.com/arkeo/arkeo/cmd/browser.go:363.2,363.31 1 0
github.com/arkeo/arkeo/cmd/browser.go:363.31,365.26 2 0
github.com/arkeo/arkeo/cmd/browser.go:365.26,366.9 1 0
github.com/arkeo/arkeo/cmd/browser.go:368.3,372.22 4 0
github.com/arkeo/arkeo/cmd/browser.go:372.22,374.4 1 0
github.com/arkeo/arkeo/cmd/browser.go:376.3,377.20 2 0
github.com/arkeo/arkeo/cmd/browser.go:377.20,379.4 1 0
github.com/arkeo/arkeo/cmd/browser.go:381.3,384.84 3 0
github.com/arkeo/arkeo/cmd/browser.go:388.2,389.23 2 0
github.com/arkeo/arkeo/cmd/browser.go:389.23,392.3 2 0
github.com/arkeo/arkeo/cmd/browser.go:395.2,396.18 2 0
github.com/arkeo/arkeo/cmd/browser.go:396.18,398.3 1 0
github.com/arkeo/arkeo/cmd/browser.go:399.2,401.19 2 0
github.com/arkeo/arkeo/cmd/connectors.go:20.13,27.2 5 0
github.com/arkeo/arkeo/cmd/connectors.go:32.47,38.48 4 0
github.com/arkeo/arkeo/cmd/connectors.go:38.48,40.46 2 0
github.com/arkeo/arkeo/cmd/connectors.go:40.46,42.5 1 0
github.com/arkeo/arkeo/cmd/connectors.go:43.4,43.72 1 0
github.com/arkeo/arkeo/cmd/connectors.go:45.3,47.78 3 0
github.com/arkeo/arkeo/cmd/connectors.go:55.47,59.56 3 0
github.com/arkeo/arkeo/cmd/connectors.go:59.56,62.38 3 0
github.com/arkeo/arkeo/cmd/connectors.go:62.38,64.5 1 0
github.com/arkeo/arkeo/cmd/connectors.go:65.4,65.14 1 0
github.com/arkeo/arkeo/cmd/connectors.go:68.3,69.46 2 0
github.com/arkeo/arkeo/cmd/connectors.go:69.46,72.4 2 0
github.com/arkeo/arkeo/cmd/connectors.go:74.3,75.74 2 0
github.com/arkeo/arkeo/cmd/connectors.go:83.47,87.56 3 0
github.com/arkeo/arkeo/cmd/connectors.go:87.56,90.4 2 0
github.com/arkeo/arkeo/cmd/connectors.go:92.3,93.46 2 0
github.com/arkeo/arkeo/cmd/connectors.go:93.46,96.4 2 0
github.com/arkeo/arkeo/cmd/connectors.go:98.3,98.60 1 0
github.com/arkeo/arkeo/cmd/connectors.go:106.47,111.14 4 0
github.com/arkeo/arkeo/cmd/connectors.go:111.14,114.4 2 0
github.com/arkeo/arkeo/cmd/connectors.go:117.3,121.54 3 0
github.com/arkeo/arkeo/cmd/connectors.go:121.54,123.4 1 0
github.com/arkeo/arkeo/cmd/connectors.go:126.3,133.30 6 0
github.com/arkeo/arkeo/cmd/connectors.go:133.30,137.41 3 0
github.com/arkeo/arkeo/cmd/connectors.go:137.41,142.21 3 0
github.com/arkeo/arkeo/cmd/connectors.go:142.21,143.80 1 0
github.com/arkeo/arkeo/cmd/connectors.go:143.80,144.30 1 0
github.com/arkeo/arkeo/cmd/connectors.go:145.19,146.45 1 0
github.com/arkeo/arkeo/cmd/connectors.go:146.45,149.9 2 0
github.com/arkeo/arkeo/cmd/connectors.go:149.14,149.26 1 0
github.com/arkeo/arkeo/cmd/connectors.go:149.26,152.9 2 0
github.com/arkeo/arkeo/cmd/connectors.go:153.17,155.32 2 0
github.com/arkeo/arkeo/cmd/connectors.go:156.16,158.32 2 0
github.com/arkeo/arkeo/cmd/connectors.go:159.20,161.32 2 0
github.com/arkeo/arkeo/cmd/connectors.go:162.15,164.32 2 0
github.com/arkeo/arkeo/cmd/connectors.go:170.5,171.23 2 0
github.com/arkeo/arkeo/cmd/connectors.go:171.23,173.6 1 0
github.com/arkeo/arkeo/cmd/connectors.go:175.5,180.56 3 0
github.com/arkeo/arkeo/cmd/connectors.go:180.56,182.6 1 0
github.com/arkeo/arkeo/cmd/connectors.go:183.5,183.18 1 0
github.com/arkeo/arkeo/cmd/connectors.go:186.4,186.35 1 0
github.com/arkeo/arkeo/cmd/connectors.go:189.2,191.53 3 0
github.com/arkeo/arkeo/cmd/connectors.go:191.53,193.3 1 0
github.com/arkeo/arkeo/cmd/connectors.go:193.8,195.3 1 0
github.com/arkeo/arkeo/cmd/connectors.go:203.47,208.14 4 0
github.com/arkeo/arkeo/cmd/connectors.go:208.14,211.4 2 0
github.com/arkeo/arkeo/cmd/connectors.go:214.3,215.45 2 0
github.com/arkeo/arkeo/cmd/connectors.go:215.45,219.4 3 0
github.com/arkeo/arkeo/cmd/connectors.go:222.3,223.44 2 0
github.com/arkeo/arkeo/cmd/connectors.go:223.44,225.4 1 0
github.com/arkeo/arkeo/cmd/connectors.go:226.3,228.65 2 0
github.com/arkeo/arkeo/cmd/connectors.go:228.65,231.4 2 0
github.com/arkeo/arkeo/cmd/connectors.go:233.3,236.55 3 0
github.com/arkeo/arkeo/cmd/connectors.go:236.55,240.4 3 0
github.com/arkeo/arkeo/cmd/connectors.go:242.3,242.71 1 0
github.com/arkeo/arkeo/cmd/root.go:20.27,22.2 1 0
github.com/arkeo/arkeo/cmd/root.go:58.16,60.16 2 0
github.com/arkeo/arkeo/cmd/root.go:60.16,62.3 1 0
github.com/arkeo/arkeo/cmd/root.go:65.13,77.2 5 0
github.com/arkeo/arkeo/cmd/root.go:80.20,82.2 0 0
github.com/arkeo/arkeo/cmd/root.go:85.74,88.45 2 0
github.com/arkeo/arkeo/cmd/root.go:88.45,91.3 2 0
github.com/arkeo/arkeo/cmd/root.go:94.2,107.48 3 0
github.com/arkeo/arkeo/cmd/root.go:107.48,116.92 3 0
github.com/arkeo/arkeo/cmd/root.go:116.92,118.45 1 0
github.com/arkeo/arkeo/cmd/root.go:118.45,120.5 1 0
github.com/arkeo/arkeo/cmd/root.go:124.3,124.38 1 0
github.com/arkeo/arkeo/cmd/root.go:127.2,127.32 1 0
github.com/arkeo/arkeo/cmd/root.go:131.130,135.47 3 0
github.com/arkeo/arkeo/cmd/root.go:135.47,136.45 1 0
github.com/arkeo/arkeo/cmd/root.go:136.45,142.14 3 0
github.com/arkeo/arkeo/cmd/root.go:142.14,144.46 1 0
github.com/arkeo/arkeo/cmd/root.go:144.46,146.6 1 0
github.com/arkeo/arkeo/cmd/root.go:150.4,155.38 4 0
github.com/arkeo/arkeo/cmd/root.go:155.38,157.5 1 0
github.com/arkeo/arkeo/cmd/root.go:159.4,159.69 1 0
github.com/arkeo/arkeo/cmd/root.go:159.69,161.13 2 0
github.com/arkeo/arkeo/cmd/root.go:164.4,165.29 2 0
github.com/arkeo/arkeo/cmd/root.go:169.2,169.16 1 0
github.com/arkeo/arkeo/cmd/timeline.go:32.13,36.2 3 0
github.com/arkeo/arkeo/cmd/timeline.go:38.60,41.19 2 0
github.com/arkeo/arkeo/cmd/timeline.go:41.19,43.3 1 0
github.com/arkeo/arkeo/cmd/timeline.go:43.8,47.3 2 0
github.com/arkeo/arkeo/cmd/timeline.go:49.2,50.16 2 0
github.com/arkeo/arkeo/cmd/timeline.go:50.16,53.3 2 0
github.com/arkeo/arkeo/cmd/timeline.go:54.2,64.33 6 0
github.com/arkeo/arkeo/cmd/timeline.go:64.33,68.3 3 0
github.com/arkeo/arkeo/cmd/timeline.go:71.2,72.44 2 0
github.com/arkeo/arkeo/cmd/timeline.go:72.44,74.3 1 0
github.com/arkeo/arkeo/cmd/timeline.go:76.2,81.10 5 0
github.com/arkeo/arkeo/cmd/timeline.go:81.10,89.26 5 0
github.com/arkeo/arkeo/cmd/timeline.go:89.26,91.4 1 0
github.com/arkeo/arkeo/cmd/timeline.go:93.3,93.25 1 0
github.com/arkeo/arkeo/cmd/timeline.go:93.25,95.4 1 0
github.com/arkeo/arkeo/cmd/timeline.go:98.3,98.32 1 0
github.com/arkeo/arkeo/cmd/timeline.go:98.32,101.4 2 0
github.com/arkeo/arkeo/cmd/timeline.go:103.3,103.25 1 0
github.com/arkeo/arkeo/cmd/timeline.go:103.25,105.4 1 0
github.com/arkeo/arkeo/cmd/timeline.go:106.8,108.25 1 0
github.com/arkeo/arkeo/cmd/timeline.go:108.25,110.4 1 0
github.com/arkeo/arkeo/cmd/timeline.go:111.3,112.25 2 0
github.com/arkeo/arkeo/cmd/timeline.go:112.25,114.4 1 0
github.com/arkeo/arkeo/cmd/timeline.go:118.2,123.10 2 0
github.com/arkeo/arkeo/cmd/timeline.go:123.10,126.3 1 0
github.com/arkeo/arkeo/cmd/timeline.go:126.8,129.3 1 0
github.com/arkeo/arkeo/cmd/timeline.go:131.2,131.24 1 0
github.com/arkeo/arkeo/cmd/timeline.go:131.24,133.3 1 0
github.com/arkeo/arkeo/cmd/timeline.go:136.2,136.69 1 0
github.com/arkeo/arkeo/cmd/timeline.go:136.69,139.3 2 0
github.com/arkeo/arkeo/internal/display/formatters/csv.go:11.55,15.38 2 0
github.com/arkeo/arkeo/internal/display/formatters/csv.go:15.38,17.31 2 0
github.com/arkeo/arkeo/internal/display/formatters/csv.go:17.31,19.4 1 0
github.com/arkeo/arkeo/internal/display/formatters/csv.go:21.3,30.4 1 0
github.com/arkeo/arkeo/internal/display/formatters/csv.go:33.2,33.12 1 0
github.com/arkeo/arkeo/internal/display/formatters/csv.go:37.37,38.100 1 0
github.com/arkeo/arkeo/internal/display/formatters/csv.go:38.100,40.3 1 0
github.com/arkeo/arkeo/internal/display/formatters/csv.go:41.2,41.14 1 0
github.com/arkeo/arkeo/internal/display/formatters/json.go:11.79,19.16 3 0
github.com/arkeo/arkeo/internal/display/formatters/json.go:19.16,21.3 1 0
github.com/arkeo/arkeo/internal/display/formatters/json.go:23.2,24.12 2 0
github.com/arkeo/arkeo/internal/display/formatters/table.go:13.95,14.26 1 0
github.com/arkeo/arkeo/internal/display/formatters/table.go:14.26,17.3 2 0
github.com/arkeo/arkeo/internal/display/formatters/table.go:20.2,23.49 2 0
github.com/arkeo/arkeo/internal/display/formatters/table.go:27.75,31.25 3 0
github.com/arkeo/arkeo/internal/display/formatters/table.go:31.25,41.3 4 0
github.com/arkeo/arkeo/internal/display/formatters/table.go:45.80,50.38 4 0
github.com/arkeo/arkeo/internal/display/formatters/table.go:50.38,52.12 1 0
github.com/arkeo/arkeo/internal/display/formatters/table.go:52.12,54.25 2 0
github.com/arkeo/arkeo/internal/display/formatters/table.go:54.25,56.5 1 0
github.com/arkeo/arkeo/internal/display/formatters/table.go:59.3,60.32 2 0
github.com/arkeo/arkeo/internal/display/formatters/table.go:63.2,63.12 1 0
github.com/arkeo/arkeo/internal/display/formatters/table.go:67.93,69.17 2 0
github.com/arkeo/arkeo/internal/display/formatters/table.go:69.17,71.3 1 0
github.com/arkeo/arkeo/internal/display/formatters/table.go:74.2,79.30 4 0
github.com/arkeo/arkeo/internal/display/formatters/table.go:79.30,81.3 1 0
github.com/arkeo/arkeo/internal/display/formatters/table.go:84.2,91.52 2 0
github.com/arkeo/arkeo/internal/display/formatters/table.go:91.52,94.3 1 0
github.com/arkeo/arkeo/internal/display/formatters/table.go:97.2,97.50 1 0
github.com/arkeo/arkeo/internal/display/formatters/table.go:97.50,100.3 1 0
github.com/arkeo/arkeo/internal/display/formatters/table.go:103.2,103.44 1 0
github.com/arkeo/arkeo/internal/display/formatters/table.go:103.44,106.3 1 0
github.com/arkeo/arkeo/internal/display/formatters/table.go:110.40,113.2 2 0
github.com/arkeo/arkeo/internal/display/formatters/taxi.go:20.79,21.26 1 0
github.com/arkeo/arkeo/internal/display/formatters/taxi.go:21.26,25.3 2 0
github.com/arkeo/arkeo/internal/display/formatters/taxi.go:28.2,38.32 5 0
github.com/arkeo/arkeo/internal/display/formatters/taxi.go:38.32,44.12 4 0
github.com/arkeo/arkeo/internal/display/formatters/taxi.go:44.12,47.53 2 0
github.com/arkeo/arkeo/internal/display/formatters/taxi.go:47.53,49.5 1 0
github.com/arkeo/arkeo/internal/display/formatters/taxi.go:52.3,52.22 1 0
github.com/arkeo/arkeo/internal/display/formatters/taxi.go:52.22,55.4 1 0
github.com/arkeo/arkeo/internal/display/formatters/taxi.go:55.9,58.4 1 0
github.com/arkeo/arkeo/internal/display/formatters/taxi.go:60.3,60.30 1 0
github.com/arkeo/arkeo/internal/display/formatters/taxi.go:63.2,63.12 1 0
github.com/arkeo/arkeo/internal/display/formatters/taxi.go:68.50,71.20 3 0
github.com/arkeo/arkeo/internal/display/formatters/taxi.go:71.20,74.3 1 0
github.com/arkeo/arkeo/internal/display/formatters/taxi.go:76.2,77.79 2 0
github.com/arkeo/arkeo/internal/display/formatters/taxi.go:82.56,85.20 3 0
github.com/arkeo/arkeo/internal/display/formatters/taxi.go:85.20,88.3 1 0
github.com/arkeo/arkeo/internal/display/formatters/taxi.go:90.2,90.77 1 0
github.com/arkeo/arkeo/internal/display/formatters/taxi.go:94.70,95.26 1 0
github.com/arkeo/arkeo/internal/display/formatters/taxi.go:95.26,97.3 1 0
github.com/arkeo/arkeo/internal/display/formatters/taxi.go:99.2,103.38 4 0
github.com/arkeo/arkeo/internal/display/formatters/taxi.go:103.38,108.57 3 0
github.com/arkeo/arkeo/internal/display/formatters/taxi.go:108.57,110.4 1 0
github.com/arkeo/arkeo/internal/display/formatters/taxi.go:110.9,110.35 1 0
github.com/arkeo/arkeo/internal/display/formatters/taxi.go:110.35,114.27 3 0
github.com/arkeo/arkeo/internal/display/formatters/taxi.go:114.27,116.5 1 0
github.com/arkeo/arkeo/internal/display/formatters/taxi.go:116.10,118.5 1 0
github.com/arkeo/arkeo/internal/display/formatters/taxi.go:119.9,122.4 1 0
github.com/arkeo/arkeo/internal/display/formatters/taxi.go:125.3,137.5 4 0
github.com/arkeo/arkeo/internal/display/formatters/taxi.go:140.2,140.16 1 0
github.com/arkeo/arkeo/internal/display/formatters/taxi.go:144.59,145.45 1 0
github.com/arkeo/arkeo/internal/display/formatters/taxi.go:145.45,147.3 1 0
github.com/arkeo/arkeo/internal/display/colors/colors.go:54.42,55.17 1 0
github.com/arkeo/arkeo/internal/display/colors/colors.go:55.17,57.3 1 0
github.com/arkeo/arkeo/internal/display/colors/colors.go:58.2,58.29 1 0
github.com/arkeo/arkeo/internal/display/colors/colors.go:62.58,63.56 1 0
github.com/arkeo/arkeo/internal/display/colors/colors.go:63.56,65.3 1 0
github.com/arkeo/arkeo/internal/display/colors/colors.go:66.2,66.14 1 0
github.com/arkeo/arkeo/internal/display/colors/colors.go:70.45,71.21 1 0
github.com/arkeo/arkeo/internal/display/colors/colors.go:71.21,73.3 1 0
github.com/arkeo/arkeo/internal/display/colors/colors.go:73.8,73.26 1 0
github.com/arkeo/arkeo/internal/display/colors/colors.go:73.26,75.3 1 0
github.com/arkeo/arkeo/internal/display/colors/colors.go:75.8,75.29 1 0
github.com/arkeo/arkeo/internal/display/colors/colors.go:75.29,78.19 3 0
github.com/arkeo/arkeo/internal/display/colors/colors.go:78.19,80.4 1 0
github.com/arkeo/arkeo/internal/display/colors/colors.go:81.3,81.47 1 0
github.com/arkeo/arkeo/internal/display/colors/colors.go:82.8,85.17 3 0
github.com/arkeo/arkeo/internal/display/colors/colors.go:85.17,87.4 1 0
github.com/arkeo/arkeo/internal/display/colors/colors.go:88.3,88.44 1 0
github.com/arkeo/arkeo/internal/timeline/activity.go:45.44,50.2 1 9
github.com/arkeo/arkeo/internal/timeline/activity.go:53.51,56.2 2 2
github.com/arkeo/arkeo/internal/timeline/activity.go:59.57,62.2 2 6
github.com/arkeo/arkeo/internal/timeline/activity.go:66.65,68.59 1 0
github.com/arkeo/arkeo/internal/timeline/activity.go:68.59,73.3 4 0
github.com/arkeo/arkeo/internal/timeline/activity.go:74.2,74.52 1 0
github.com/arkeo/arkeo/internal/timeline/activity.go:78.35,80.2 1 0
github.com/arkeo/arkeo/internal/timeline/activity.go:83.27,84.28 1 11
github.com/arkeo/arkeo/internal/timeline/activity.go:84.28,86.3 1 1
github.com/arkeo/arkeo/internal/timeline/activity.go:87.2,87.47 1 10
github.com/arkeo/arkeo/internal/timeline/activity.go:87.47,89.3 1 33
github.com/arkeo/arkeo/internal/timeline/activity.go:93.71,96.40 2 2
github.com/arkeo/arkeo/internal/timeline/activity.go:96.40,97.36 1 8
github.com/arkeo/arkeo/internal/timeline/activity.go:97.36,99.4 1 2
github.com/arkeo/arkeo/internal/timeline/activity.go:101.2,101.17 1 2
github.com/arkeo/arkeo/internal/timeline/activity.go:105.61,108.40 2 2
github.com/arkeo/arkeo/internal/timeline/activity.go:108.40,109.32 1 8
github.com/arkeo/arkeo/internal/timeline/activity.go:109.32,111.4 1 2
github.com/arkeo/arkeo/internal/timeline/activity.go:113.2,113.17 1 2
github.com/arkeo/arkeo/internal/timeline/activity.go:117.71,120.40 2 1
github.com/arkeo/arkeo/internal/timeline/activity.go:120.40,123.74 1 4
github.com/arkeo/arkeo/internal/timeline/activity.go:123.74,125.4 1 1
github.com/arkeo/arkeo/internal/timeline/activity.go:127.2,127.17 1 1
github.com/arkeo/arkeo/internal/timeline/activity.go:131.58,132.28 1 3
github.com/arkeo/arkeo/internal/timeline/activity.go:132.28,134.3 1 1
github.com/arkeo/arkeo/internal/timeline/activity.go:137.2,142.19 4 2
github.com/arkeo/arkeo/internal/timeline/activity.go:146.49,154.40 2 1
github.com/arkeo/arkeo/internal/timeline/activity.go:154.40,157.3 2 4
github.com/arkeo/arkeo/internal/timeline/activity.go:159.2,163.16 4 1
github.com/arkeo/arkeo/internal/timeline/activity.go:179.36,186.2 1 1
github.com/arkeo/arkeo/internal/timeline/activity.go:189.44,190.23 1 7
github.com/arkeo/arkeo/internal/timeline/activity.go:190.23,192.3 1 1
github.com/arkeo/arkeo/internal/timeline/activity.go:194.2,195.28 2 6
github.com/arkeo/arkeo/internal/timeline/activity.go:195.28,197.3 1 1
github.com/arkeo/arkeo/internal/timeline/activity.go:197.8,197.33 1 5
github.com/arkeo/arkeo/internal/timeline/activity.go:197.33,199.3 1 2
github.com/arkeo/arkeo/internal/timeline/activity.go:199.8,203.3 3 3
github.com/arkeo/arkeo/internal/display/timeline.go:22.47,28.2 1 7
github.com/arkeo/arkeo/internal/display/timeline.go:32.82,34.26 1 7
github.com/arkeo/arkeo/internal/display/timeline.go:34.26,36.3 1 0
github.com/arkeo/arkeo/internal/display/timeline.go:39.2,39.26 1 7
github.com/arkeo/arkeo/internal/display/timeline.go:39.26,41.3 1 7
github.com/arkeo/arkeo/internal/display/timeline.go:44.2,44.58 1 0
github.com/arkeo/arkeo/internal/display/timeline.go:48.99,59.61 5 7
github.com/arkeo/arkeo/internal/display/timeline.go:59.61,61.3 1 1
github.com/arkeo/arkeo/internal/display/timeline.go:64.2,69.21 4 7
github.com/arkeo/arkeo/internal/display/timeline.go:70.14,71.51 1 2
github.com/arkeo/arkeo/internal/display/timeline.go:72.13,73.46 1 1
github.com/arkeo/arkeo/internal/display/timeline.go:74.14,75.51 1 0
github.com/arkeo/arkeo/internal/display/timeline.go:76.10,77.65 1 4
github.com/arkeo/arkeo/internal/display/timeline.go:82.105,87.21 2 0
github.com/arkeo/arkeo/internal/display/timeline.go:88.14,89.63 1 0
github.com/arkeo/arkeo/internal/display/timeline.go:90.13,91.62 1 0
github.com/arkeo/arkeo/internal/display/timeline.go:92.14,93.63 1 0
github.com/arkeo/arkeo/internal/display/timeline.go:94.10,95.64 1 0
github.com/arkeo/arkeo/internal/display/timeline.go:100.128,104.29 2 0
github.com/arkeo/arkeo/internal/display/timeline.go:104.29,106.30 2 0
github.com/arkeo/arkeo/internal/display/timeline.go:106.30,107.12 1 0
github.com/arkeo/arkeo/internal/display/timeline.go:111.3,111.62 1 0
github.com/arkeo/arkeo/internal/display/timeline.go:111.62,113.4 1 0
github.com/arkeo/arkeo/internal/display/timeline.go:116.3,125.23 6 0
github.com/arkeo/arkeo/internal/display/timeline.go:128.2,129.16 2 0
github.com/arkeo/arkeo/internal/display/timeline.go:129.16,131.3 1 0
github.com/arkeo/arkeo/internal/display/timeline.go:133.2,134.12 2 0
github.com/arkeo/arkeo/internal/display/timeline.go:138.127,142.29 2 0
github.com/arkeo/arkeo/internal/display/timeline.go:142.29,144.30 2 0
github.com/arkeo/arkeo/internal/display/timeline.go:144.30,145.12 1 0
github.com/arkeo/arkeo/internal/display/timeline.go:149.3,149.62 1 0
github.com/arkeo/arkeo/internal/display/timeline.go:149.62,151.4 1 0
github.com/arkeo/arkeo/internal/display/timeline.go:154.3,158.42 3 0
github.com/arkeo/arkeo/internal/display/timeline.go:158.42,160.32 2 0
github.com/arkeo/arkeo/internal/display/timeline.go:160.32,162.5 1 0
github.com/arkeo/arkeo/internal/display/timeline.go:164.4,173.5 1 0
github.com/arkeo/arkeo/internal/display/timeline.go:177.2,177.12 1 0
github.com/arkeo/arkeo/internal/display/timeline.go:181.128,182.29 1 0
github.com/arkeo/arkeo/internal/display/timeline.go:182.29,184.30 2 0
github.com/arkeo/arkeo/internal/display/timeline.go:184.30,185.12 1 0
github.com/arkeo/arkeo/internal/display/timeline.go:189.3,189.62 1 0
github.com/arkeo/arkeo/internal/display/timeline.go:189.62,191.4 1 0
github.com/arkeo/arkeo/internal/display/timeline.go:194.3,202.67 5 0
github.com/arkeo/arkeo/internal/display/timeline.go:202.67,204.4 1 0
github.com/arkeo/arkeo/internal/display/timeline.go:207.3,207.23 1 0
github.com/arkeo/arkeo/internal/display/timeline.go:207.23,209.4 1 0
github.com/arkeo/arkeo/internal/display/timeline.go:212.2,212.12 1 0
github.com/arkeo/arkeo/internal/display/timeline.go:216.129,218.20 1 0
github.com/arkeo/arkeo/internal/display/timeline.go:218.20,224.49 5 0
github.com/arkeo/arkeo/internal/display/timeline.go:224.49,226.4 1 0
github.com/arkeo/arkeo/internal/display/timeline.go:228.3,228.27 1 0
github.com/arkeo/arkeo/internal/display/timeline.go:228.27,231.4 2 0
github.com/arkeo/arkeo/internal/display/timeline.go:233.3,235.15 1 0
github.com/arkeo/arkeo/internal/display/timeline.go:239.2,239.29 1 0
github.com/arkeo/arkeo/internal/display/timeline.go:239.29,241.30 2 0
github.com/arkeo/arkeo/internal/display/timeline.go:241.30,242.12 1 0
github.com/arkeo/arkeo/internal/display/timeline.go:246.3,246.62 1 0
github.com/arkeo/arkeo/internal/display/timeline.go:246.62,248.4 1 0
github.com/arkeo/arkeo/internal/display/timeline.go:251.3,259.81 5 0
github.com/arkeo/arkeo/internal/display/timeline.go:259.81,261.4 1 0
github.com/arkeo/arkeo/internal/display/timeline.go:264.3,264.16 1 0
github.com/arkeo/arkeo/internal/display/timeline.go:267.2,267.12 1 0
github.com/arkeo/arkeo/internal/display/timeline.go:273.112,279.29 3 0
github.com/arkeo/arkeo/internal/display/timeline.go:279.29,283.3 3 0
github.com/arkeo/arkeo/internal/display/timeline.go:286.2,286.38 1 0
github.com/arkeo/arkeo/internal/display/timeline.go:286.38,289.44 2 0
github.com/arkeo/arkeo/internal/display/timeline.go:289.44,291.4 1 0
github.com/arkeo/arkeo/internal/display/timeline.go:294.2,294.24 1 0
github.com/arkeo/arkeo/internal/display/timeline.go:298.59,299.45 1 7
github.com/arkeo/arkeo/internal/display/timeline.go:299.45,301.3 1 14
github.com/arkeo/arkeo/internal/display/timeline.go:305.103,307.38 2 7
github.com/arkeo/arkeo/internal/display/timeline.go:307.38,309.62 2 20
github.com/arkeo/arkeo/internal/display/timeline.go:309.62,311.4 1 20
github.com/arkeo/arkeo/internal/display/timeline.go:313.2,313.17 1 7
github.com/arkeo/arkeo/internal/connectors/browser_history.go:42.60,49.2 1 7
github.com/arkeo/arkeo/internal/connectors/browser_history.go:52.69,97.2 1 2
github.com/arkeo/arkeo/internal/connectors/browser_history.go:100.87,102.2 1 1
github.com/arkeo/arkeo/internal/connectors/browser_history.go:105.77,108.21 3 1
github.com/arkeo/arkeo/internal/connectors/browser_history.go:108.21,110.3 1 0
github.com/arkeo/arkeo/internal/connectors/browser_history.go:112.2,112.26 1 1
github.com/arkeo/arkeo/internal/connectors/browser_history.go:112.26,113.46 1 1
github.com/arkeo/arkeo/internal/connectors/browser_history.go:113.46,114.12 1 0
github.com/arkeo/arkeo/internal/connectors/browser_history.go:117.3,118.17 2 1
github.com/arkeo/arkeo/internal/connectors/browser_history.go:118.17,119.12 1 0
github.com/arkeo/arkeo/internal/connectors/browser_history.go:121.3,124.17 3 1
github.com/arkeo/arkeo/internal/connectors/browser_history.go:124.17,125.12 1 0
github.com/arkeo/arkeo/internal/connectors/browser_history.go:127.3,130.17 4 1
github.com/arkeo/arkeo/internal/connectors/browser_history.go:130.17,131.12 1 0
github.com/arkeo/arkeo/internal/connectors/browser_history.go:133.3,133.13 1 1
github.com/arkeo/arkeo/internal/connectors/browser_history.go:136.2,136.66 1 0
github.com/arkeo/arkeo/internal/connectors/browser_history.go:140.115,141.21 1 0
github.com/arkeo/arkeo/internal/connectors/browser_history.go:141.21,143.3 1 0
github.com/arkeo/arkeo/internal/connectors/browser_history.go:145.2,147.21 3 0
github.com/arkeo/arkeo/internal/connectors/browser_history.go:147.21,149.3 1 0
github.com/arkeo/arkeo/internal/connectors/browser_history.go:151.2,153.35 3 0
github.com/arkeo/arkeo/internal/connectors/browser_history.go:153.35,155.3 1 0
github.com/arkeo/arkeo/internal/connectors/browser_history.go:157.2,158.22 2 0
github.com/arkeo/arkeo/internal/connectors/browser_history.go:158.22,160.3 1 0
github.com/arkeo/arkeo/internal/connectors/browser_history.go:161.2,170.26 6 0
github.com/arkeo/arkeo/internal/connectors/browser_history.go:170.26,171.22 1 0
github.com/arkeo/arkeo/internal/connectors/browser_history.go:171.22,173.4 1 0
github.com/arkeo/arkeo/internal/connectors/browser_history.go:175.3,176.17 2 0
github.com/arkeo/arkeo/internal/connectors/browser_history.go:176.17,177.23 1 0
github.com/arkeo/arkeo/internal/connectors/browser_history.go:177.23,179.5 1 0
github.com/arkeo/arkeo/internal/connectors/browser_history.go:180.4,180.12 1 0
github.com/arkeo/arkeo/internal/connectors/browser_history.go:183.3,183.22 1 0
github.com/arkeo/arkeo/internal/connectors/browser_history.go:183.22,185.4 1 0
github.com/arkeo/arkeo/internal/connectors/browser_history.go:186.3,186.43 1 0
github.com/arkeo/arkeo/internal/connectors/browser_history.go:190.2,191.30 2 0
github.com/arkeo/arkeo/internal/connectors/browser_history.go:191.30,194.25 3 0
github.com/arkeo/arkeo/internal/connectors/browser_history.go:194.25,195.12 1 0
github.com/arkeo/arkeo/internal/connectors/browser_history.go:197.3,197.33 1 0
github.com/arkeo/arkeo/internal/connectors/browser_history.go:201.2,201.43 1 0
github.com/arkeo/arkeo/internal/connectors/browser_history.go:201.43,203.3 1 0
github.com/arkeo/arkeo/internal/connectors/browser_history.go:206.2,208.21 2 0
github.com/arkeo/arkeo/internal/connectors/browser_history.go:208.21,210.3 1 0
github.com/arkeo/arkeo/internal/connectors/browser_history.go:212.2,212.24 1 0
github.com/arkeo/arkeo/internal/connectors/browser_history.go:241.77,243.21 2 0
github.com/arkeo/arkeo/internal/connectors/browser_history.go:243.21,245.3 1 0
github.com/arkeo/arkeo/internal/connectors/browser_history.go:247.2,250.26 3 0
github.com/arkeo/arkeo/internal/connectors/browser_history.go:250.26,252.17 2 0
github.com/arkeo/arkeo/internal/connectors/browser_history.go:252.17,253.12 1 0
github.com/arkeo/arkeo/internal/connectors/browser_history.go:255.3,255.28 1 0
github.com/arkeo/arkeo/internal/connectors/browser_history.go:255.28,257.20 2 0
github.com/arkeo/arkeo/internal/connectors/browser_history.go:257.20,258.13 1 0
github.com/arkeo/arkeo/internal/connectors/browser_history.go:260.4,261.11 2 0
github.com/arkeo/arkeo/internal/connectors/browser_history.go:261.11,264.5 2 0
github.com/arkeo/arkeo/internal/connectors/browser_history.go:265.4,268.42 3 0
github.com/arkeo/arkeo/internal/connectors/browser_history.go:268.42,270.5 1 0
github.com/arkeo/arkeo/internal/connectors/browser_history.go:274.2,275.30 2 0
github.com/arkeo/arkeo/internal/connectors/browser_history.go:275.30,277.3 1 0
github.com/arkeo/arkeo/internal/connectors/browser_history.go:278.2,278.41 1 0
github.com/arkeo/arkeo/internal/connectors/browser_history.go:278.41,280.3 1 0
github.com/arkeo/arkeo/internal/connectors/browser_history.go:281.2,281.20 1 0
github.com/arkeo/arkeo/internal/connectors/browser_history.go:285.64,287.15 2 3
github.com/arkeo/arkeo/internal/connectors/browser_history.go:287.15,289.3 1 1
github.com/arkeo/arkeo/internal/connectors/browser_history.go:290.2,291.44 2 2
github.com/arkeo/arkeo/internal/connectors/browser_history.go:291.44,293.14 2 2
github.com/arkeo/arkeo/internal/connectors/browser_history.go:293.14,295.4 1 2
github.com/arkeo/arkeo/internal/connectors/browser_history.go:297.2,297.24 1 2
github.com/arkeo/arkeo/internal/connectors/browser_history.go:297.24,299.3 1 0
github.com/arkeo/arkeo/internal/connectors/browser_history.go:300.2,300.17 1 2
github.com/arkeo/arkeo/internal/connectors/browser_history.go:304.70,306.15 2 1
github.com/arkeo/arkeo/internal/connectors/browser_history.go:306.15,308.3 1 0
github.com/arkeo/arkeo/internal/connectors/browser_history.go:309.2,310.44 2 1
github.com/arkeo/arkeo/internal/connectors/browser_history.go:310.44,312.14 2 2
github.com/arkeo/arkeo/internal/connectors/browser_history.go:312.14,314.4 1 2
github.com/arkeo/arkeo/internal/connectors/browser_history.go:316.2,316.16 1 1
github.com/arkeo/arkeo/internal/connectors/browser_history.go:320.62,323.35 2 1
github.com/arkeo/arkeo/internal/connectors/browser_history.go:323.35,324.18 1 1
github.com/arkeo/arkeo/internal/connectors/browser_history.go:325.17,326.43 1 1
github.com/arkeo/arkeo/internal/connectors/browser_history.go:326.43,327.41 1 2
github.com/arkeo/arkeo/internal/connectors/browser_history.go:327.41,329.6 1 1
github.com/arkeo/arkeo/internal/connectors/browser_history.go:331.18,332.44 1 0
github.com/arkeo/arkeo/internal/connectors/browser_history.go:332.44,333.41 1 0
github.com/arkeo/arkeo/internal/connectors/browser_history.go:333.41,335.6 1 0
github.com/arkeo/arkeo/internal/connectors/browser_history.go:340.2,340.14 1 1
github.com/arkeo/arkeo/internal/connectors/browser_history.go:344.36,348.22 3 1
github.com/arkeo/arkeo/internal/connectors/browser_history.go:349.16,354.4 2 0
github.com/arkeo/arkeo/internal/connectors/browser_history.go:355.17,357.17 2 0
github.com/arkeo/arkeo/internal/connectors/browser_history.go:357.17,359.4 1 0
github.com/arkeo/arkeo/internal/connectors/browser_history.go:360.3,363.4 1 0
github.com/arkeo/arkeo/internal/connectors/browser_history.go:364.10,367.22 3 1
github.com/arkeo/arkeo/internal/connectors/browser_history.go:367.22,369.4 1 1
github.com/arkeo/arkeo/internal/connectors/browser_history.go:370.3,373.4 1 1
github.com/arkeo/arkeo/internal/connectors/browser_history.go:376.2,376.14 1 1
github.com/arkeo/arkeo/internal/connectors/browser_history.go:380.37,383.22 2 0
github.com/arkeo/arkeo/internal/connectors/browser_history.go:384.16,388.4 2 0
github.com/arkeo/arkeo/internal/connectors/browser_history.go:389.17,391.17 2 0
github.com/arkeo/arkeo/internal/connectors/browser_history.go:391.17,393.4 1 0
github.com/arkeo/arkeo/internal/connectors/browser_history.go:394.3,396.4 1 0
github.com/arkeo/arkeo/internal/connectors/browser_history.go:397.10,401.4 2 0
github.com/arkeo/arkeo/internal/connectors/browser_history.go:404.2,405.27 2 0
github.com/arkeo/arkeo/internal/connectors/browser_history.go:405.27,408.3 2 0
github.com/arkeo/arkeo/internal/connectors/browser_history.go:409.2,409.14 1 0
github.com/arkeo/arkeo/internal/connectors/browser_history.go:414.139,416.2 1 0
github.com/arkeo/arkeo/internal/connectors/browser_history.go:419.116,421.16 2 1
github.com/arkeo/arkeo/internal/connectors/browser_history.go:421.16,423.3 1 0
github.com/arkeo/arkeo/internal/connectors/browser_history.go:424.2,427.16 3 1
github.com/arkeo/arkeo/internal/connectors/browser_history.go:427.16,429.3 1 0
github.com/arkeo/arkeo/internal/connectors/browser_history.go:430.2,432.19 2 1
github.com/arkeo/arkeo/internal/connectors/browser_history.go:433.16,434.60 1 1
github.com/arkeo/arkeo/internal/connectors/browser_history.go:435.17,436.61 1 0
github.com/arkeo/arkeo/internal/connectors/browser_history.go:437.10,438.63 1 0
github.com/arkeo/arkeo/internal/connectors/browser_history.go:443.120,454.16 5 1
github.com/arkeo/arkeo/internal/connectors/browser_history.go:454.16,456.3 1 0
github.com/arkeo/arkeo/internal/connectors/browser_history.go:457.2,460.18 3 1
github.com/arkeo/arkeo/internal/connectors/browser_history.go:460.18,463.75 3 4
github.com/arkeo/arkeo/internal/connectors/browser_history.go:463.75,464.12 1 0
github.com/arkeo/arkeo/internal/connectors/browser_history.go:467.3,477.5 3 4
github.com/arkeo/arkeo/internal/connectors/browser_history.go:480.2,480.27 1 1
github.com/arkeo/arkeo/internal/connectors/browser_history.go:484.121,495.16 5 0
github.com/arkeo/arkeo/internal/connectors/browser_history.go:495.16,497.3 1 0
github.com/arkeo/arkeo/internal/connectors/browser_history.go:498.2,501.18 3 0
github.com/arkeo/arkeo/internal/connectors/browser_history.go:501.18,504.59 3 0
github.com/arkeo/arkeo/internal/connectors/browser_history.go:504.59,505.12 1 0
github.com/arkeo/arkeo/internal/connectors/browser_history.go:508.3,516.5 2 0
github.com/arkeo/arkeo/internal/connectors/browser_history.go:519.2,519.27 1 0
github.com/arkeo/arkeo/internal/connectors/browser_history.go:525.51,527.16 2 3
github.com/arkeo/arkeo/internal/connectors/browser_history.go:527.16,529.3 1 0
github.com/arkeo/arkeo/internal/connectors/browser_history.go:531.2,534.51 3 3
github.com/arkeo/arkeo/internal/connectors/browser_history.go:534.51,537.3 2 0
github.com/arkeo/arkeo/internal/connectors/browser_history.go:540.2,540.50 1 3
github.com/arkeo/arkeo/internal/connectors/browser_history.go:540.50,542.45 2 6
github.com/arkeo/arkeo/internal/connectors/browser_history.go:542.45,543.60 1 0
github.com/arkeo/arkeo/internal/connectors/browser_history.go:543.60,545.13 1 0
github.com/arkeo/arkeo/internal/connectors/browser_history.go:550.2,550.21 1 3
github.com/arkeo/arkeo/internal/connectors/browser_history.go:554.38,556.16 2 3
github.com/arkeo/arkeo/internal/connectors/browser_history.go:556.16,558.3 1 0
github.com/arkeo/arkeo/internal/connectors/browser_history.go:559.2,562.16 3 3
github.com/arkeo/arkeo/internal/connectors/browser_history.go:562.16,564.3 1 0
github.com/arkeo/arkeo/internal/connectors/browser_history.go:565.2,568.12 3 3
github.com/arkeo/arkeo/internal/connectors/browser_history.go:573.50,575.2 1 5
github.com/arkeo/arkeo/internal/connectors/browser_history.go:579.42,581.16 2 12
github.com/arkeo/arkeo/internal/connectors/browser_history.go:581.16,583.3 1 1
github.com/arkeo/arkeo/internal/connectors/browser_history.go:584.2,585.43 2 11
github.com/arkeo/arkeo/internal/connectors/browser_history.go:585.43,587.3 1 4
github.com/arkeo/arkeo/internal/connectors/browser_history.go:588.2,588.43 1 7
github.com/arkeo/arkeo/internal/connectors/browser_history.go:593.46,595.2 1 0
github.com/arkeo/arkeo/internal/connectors/browser_history.go:604.46,606.20 2 21
github.com/arkeo/arkeo/internal/connectors/browser_history.go:606.20,608.3 1 1
github.com/arkeo/arkeo/internal/connectors/browser_history.go:609.2,610.56 2 20
github.com/arkeo/arkeo/internal/connectors/browser_history.go:610.56,612.3 1 2
github.com/arkeo/arkeo/internal/connectors/browser_history.go:614.2,615.21 2 18
github.com/arkeo/arkeo/internal/connectors/browser_history.go:615.21,617.3 1 9
github.com/arkeo/arkeo/internal/connectors/browser_history.go:620.2,621.28 2 9
github.com/arkeo/arkeo/internal/connectors/browser_history.go:621.28,622.22 1 5
github.com/arkeo/arkeo/internal/connectors/browser_history.go:622.22,624.4 1 5
github.com/arkeo/arkeo/internal/connectors/browser_history.go:625.3,625.18 1 0
github.com/arkeo/arkeo/internal/connectors/browser_history.go:629.2,629.48 1 4
github.com/arkeo/arkeo/internal/connectors/browser_history.go:634.106,635.22 1 2
github.com/arkeo/arkeo/internal/connectors/browser_history.go:635.22,637.3 1 0
github.com/arkeo/arkeo/internal/connectors/browser_history.go:639.2,642.23 3 2
github.com/arkeo/arkeo/internal/connectors/browser_history.go:642.23,643.22 1 5
github.com/arkeo/arkeo/internal/connectors/browser_history.go:643.22,645.4 1 0
github.com/arkeo/arkeo/internal/connectors/browser_history.go:646.3,646.46 1 5
github.com/arkeo/arkeo/internal/connectors/browser_history.go:646.46,649.4 2 1
github.com/arkeo/arkeo/internal/connectors/browser_history.go:651.3,654.27 4 4
github.com/arkeo/arkeo/internal/connectors/browser_history.go:654.27,655.47 1 7
github.com/arkeo/arkeo/internal/connectors/browser_history.go:655.47,658.28 3 7
github.com/arkeo/arkeo/internal/connectors/browser_history.go:658.28,659.11 1 1
github.com/arkeo/arkeo/internal/connectors/browser_history.go:664.3,666.27 3 4
github.com/arkeo/arkeo/internal/connectors/browser_history.go:666.27,669.4 2 7
github.com/arkeo/arkeo/internal/connectors/browser_history.go:670.3,671.27 2 4
github.com/arkeo/arkeo/internal/connectors/browser_history.go:671.27,673.4 1 4
github.com/arkeo/arkeo/internal/connectors/browser_history.go:675.3,676.22 2 4
github.com/arkeo/arkeo/internal/connectors/browser_history.go:676.22,678.4 1 2
github.com/arkeo/arkeo/internal/connectors/browser_history.go:680.3,681.25 2 4
github.com/arkeo/arkeo/internal/connectors/browser_history.go:681.25,683.4 1 4
github.com/arkeo/arkeo/internal/connectors/browser_history.go:685.3,686.24 2 4
github.com/arkeo/arkeo/internal/connectors/browser_history.go:686.24,689.4 2 0
github.com/arkeo/arkeo/internal/connectors/browser_history.go:691.3,706.20 2 4
github.com/arkeo/arkeo/internal/connectors/browser_history.go:709.2,709.27 1 2
github.com/arkeo/arkeo/internal/connectors/browser_history.go:709.27,710.22 1 8
github.com/arkeo/arkeo/internal/connectors/browser_history.go:710.22,712.12 2 2
github.com/arkeo/arkeo/internal/connectors/browser_history.go:714.3,715.75 2 6
github.com/arkeo/arkeo/internal/connectors/browser_history.go:715.75,717.4 1 3
github.com/arkeo/arkeo/internal/connectors/browser_history.go:717.9,720.4 2 3
github.com/arkeo/arkeo/internal/connectors/browser_history.go:722.2,724.19 2 2
github.com/arkeo/arkeo/internal/connectors/calendar.go:29.48,36.2 1 0
github.com/arkeo/arkeo/internal/connectors/calendar.go:41.63,60.2 2 0
github.com/arkeo/arkeo/internal/connectors/calendar.go:63.81,65.76 1 0
github.com/arkeo/arkeo/internal/connectors/calendar.go:65.76,67.3 1 0
github.com/arkeo/arkeo/internal/connectors/calendar.go:70.2,74.27 3 0
github.com/arkeo/arkeo/internal/connectors/calendar.go:74.27,75.39 1 0
github.com/arkeo/arkeo/internal/connectors/calendar.go:75.39,77.4 1 0
github.com/arkeo/arkeo/internal/connectors/calendar.go:80.2,80.12 1 0
github.com/arkeo/arkeo/internal/connectors/calendar.go:84.48,86.2 1 0
github.com/arkeo/arkeo/internal/connectors/calendar.go:89.71,92.21 2 0
github.com/arkeo/arkeo/internal/connectors/calendar.go:92.21,94.3 1 0
github.com/arkeo/arkeo/internal/connectors/calendar.go:96.2,96.27 1 0
github.com/arkeo/arkeo/internal/connectors/calendar.go:96.27,97.22 1 0
github.com/arkeo/arkeo/internal/connectors/calendar.go:97.22,99.4 1 0
github.com/arkeo/arkeo/internal/connectors/calendar.go:100.3,100.49 1 0
github.com/arkeo/arkeo/internal/connectors/calendar.go:100.49,101.23 1 0
github.com/arkeo/arkeo/internal/connectors/calendar.go:101.23,103.5 1 0
github.com/arkeo/arkeo/internal/connectors/calendar.go:104.4,104.92 1 0
github.com/arkeo/arkeo/internal/connectors/calendar.go:106.3,106.22 1 0
github.com/arkeo/arkeo/internal/connectors/calendar.go:106.22,108.4 1 0
github.com/arkeo/arkeo/internal/connectors/calendar.go:111.2,111.21 1 0
github.com/arkeo/arkeo/internal/connectors/calendar.go:111.21,113.3 1 0
github.com/arkeo/arkeo/internal/connectors/calendar.go:115.2,115.12 1 0
github.com/arkeo/arkeo/internal/connectors/calendar.go:119.109,126.17 5 0
github.com/arkeo/arkeo/internal/connectors/calendar.go:126.17,130.3 3 0
github.com/arkeo/arkeo/internal/connectors/calendar.go:132.2,132.21 1 0
github.com/arkeo/arkeo/internal/connectors/calendar.go:132.21,134.3 1 0
github.com/arkeo/arkeo/internal/connectors/calendar.go:136.2,136.27 1 0
github.com/arkeo/arkeo/internal/connectors/calendar.go:136.27,137.22 1 0
github.com/arkeo/arkeo/internal/connectors/calendar.go:137.22,139.4 1 0
github.com/arkeo/arkeo/internal/connectors/calendar.go:140.3,141.17 2 0
github.com/arkeo/arkeo/internal/connectors/calendar.go:141.17,142.23 1 0
github.com/arkeo/arkeo/internal/connectors/calendar.go:142.23,144.5 1 0
github.com/arkeo/arkeo/internal/connectors/calendar.go:146.4,146.12 1 0
github.com/arkeo/arkeo/internal/connectors/calendar.go:148.3,148.22 1 0
github.com/arkeo/arkeo/internal/connectors/calendar.go:148.22,150.4 1 0
github.com/arkeo/arkeo/internal/connectors/calendar.go:153.3,154.39 2 0
github.com/arkeo/arkeo/internal/connectors/calendar.go:154.39,156.83 1 0
github.com/arkeo/arkeo/internal/connectors/calendar.go:156.83,157.32 1 0
github.com/arkeo/arkeo/internal/connectors/calendar.go:157.32,159.25 2 0
github.com/arkeo/arkeo/internal/connectors/calendar.go:159.25,161.7 1 0
github.com/arkeo/arkeo/internal/connectors/calendar.go:162.6,162.14 1 0
github.com/arkeo/arkeo/internal/connectors/calendar.go:164.5,165.52 2 0
github.com/arkeo/arkeo/internal/connectors/calendar.go:166.10,168.24 1 0
github.com/arkeo/arkeo/internal/connectors/calendar.go:168.24,169.17 1 0
github.com/arkeo/arkeo/internal/connectors/calendar.go:169.17,171.7 1 0
github.com/arkeo/arkeo/internal/connectors/calendar.go:171.12,173.7 1 0
github.com/arkeo/arkeo/internal/connectors/calendar.go:175.5,175.52 1 0
github.com/arkeo/arkeo/internal/connectors/calendar.go:179.3,179.47 1 0
github.com/arkeo/arkeo/internal/connectors/calendar.go:179.47,181.4 1 0
github.com/arkeo/arkeo/internal/connectors/calendar.go:184.2,184.21 1 0
github.com/arkeo/arkeo/internal/connectors/calendar.go:184.21,187.3 2 0
github.com/arkeo/arkeo/internal/connectors/calendar.go:189.2,189.27 1 0
github.com/arkeo/arkeo/internal/connectors/calendar.go:193.65,194.16 1 0
github.com/arkeo/arkeo/internal/connectors/calendar.go:194.16,196.3 1 0
github.com/arkeo/arkeo/internal/connectors/calendar.go:198.2,200.29 3 0
github.com/arkeo/arkeo/internal/connectors/calendar.go:200.29,202.20 2 0
github.com/arkeo/arkeo/internal/connectors/calendar.go:202.20,204.4 1 0
github.com/arkeo/arkeo/internal/connectors/calendar.go:206.2,206.15 1 0
github.com/arkeo/arkeo/internal/connectors/calendar.go:210.71,216.2 3 0
github.com/arkeo/arkeo/internal/connectors/calendar.go:219.56,222.2 1 0
github.com/arkeo/arkeo/internal/connectors/calendar.go:225.80,226.21 1 0
github.com/arkeo/arkeo/internal/connectors/calendar.go:226.21,228.3 1 0
github.com/arkeo/arkeo/internal/connectors/calendar.go:230.2,231.16 2 0
github.com/arkeo/arkeo/internal/connectors/calendar.go:231.16,233.3 1 0
github.com/arkeo/arkeo/internal/connectors/calendar.go:235.2,236.16 2 0
github.com/arkeo/arkeo/internal/connectors/calendar.go:236.16,238.3 1 0
github.com/arkeo/arkeo/internal/connectors/calendar.go:239.2,241.21 2 0
github.com/arkeo/arkeo/internal/connectors/calendar.go:241.21,244.3 2 0
github.com/arkeo/arkeo/internal/connectors/calendar.go:246.2,246.38 1 0
github.com/arkeo/arkeo/internal/connectors/calendar.go:246.38,248.3 1 0
github.com/arkeo/arkeo/internal/connectors/calendar.go:251.2,252.101 2 0
github.com/arkeo/arkeo/internal/connectors/calendar.go:252.101,253.22 1 0
github.com/arkeo/arkeo/internal/connectors/calendar.go:253.22,255.4 1 0
github.com/arkeo/arkeo/internal/connectors/calendar.go:256.3,256.64 1 0
github.com/arkeo/arkeo/internal/connectors/calendar.go:259.2,259.21 1 0
github.com/arkeo/arkeo/internal/connectors/calendar.go:259.21,261.3 1 0
github.com/arkeo/arkeo/internal/connectors/calendar.go:263.2,263.12 1 0
github.com/arkeo/arkeo/internal/connectors/calendar.go:267.127,268.21 1 0
github.com/arkeo/arkeo/internal/connectors/calendar.go:268.21,270.3 1 0
github.com/arkeo/arkeo/internal/connectors/calendar.go:272.2,273.16 2 0
github.com/arkeo/arkeo/internal/connectors/calendar.go:273.16,275.3 1 0
github.com/arkeo/arkeo/internal/connectors/calendar.go:277.2,278.16 2 0
github.com/arkeo/arkeo/internal/connectors/calendar.go:278.16,280.3 1 0
github.com/arkeo/arkeo/internal/connectors/calendar.go:281.2,283.21 2 0
github.com/arkeo/arkeo/internal/connectors/calendar.go:283.21,285.3 1 0
github.com/arkeo/arkeo/internal/connectors/calendar.go:287.2,287.38 1 0
github.com/arkeo/arkeo/internal/connectors/calendar.go:287.38,289.3 1 0
github.com/arkeo/arkeo/internal/connectors/calendar.go:291.2,292.16 2 0
github.com/arkeo/arkeo/internal/connectors/calendar.go:292.16,293.22 1 0
github.com/arkeo/arkeo/internal/connectors/calendar.go:293.22,295.4 1 0
github.com/arkeo/arkeo/internal/connectors/calendar.go:296.3,296.18 1 0
github.com/arkeo/arkeo/internal/connectors/calendar.go:299.2,299.21 1 0
github.com/arkeo/arkeo/internal/connectors/calendar.go:299.21,301.3 1 0
github.com/arkeo/arkeo/internal/connectors/calendar.go:304.2,310.21 6 0
github.com/arkeo/arkeo/internal/connectors/calendar.go:310.21,313.3 2 0
github.com/arkeo/arkeo/internal/connectors/calendar.go:315.2,315.31 1 0
github.com/arkeo/arkeo/internal/connectors/calendar.go:315.31,317.30 2 0
github.com/arkeo/arkeo/internal/connectors/calendar.go:317.30,318.12 1 0
github.com/arkeo/arkeo/internal/connectors/calendar.go:320.3,323.53 2 0
github.com/arkeo/arkeo/internal/connectors/calendar.go:323.53,325.23 2 0
github.com/arkeo/arkeo/internal/connectors/calendar.go:325.23,327.5 1 0
github.com/arkeo/arkeo/internal/connectors/calendar.go:328.4,328.12 1 0
github.com/arkeo/arkeo/internal/connectors/calendar.go:331.3,338.27 3 0
github.com/arkeo/arkeo/internal/connectors/calendar.go:338.27,340.4 1 0
github.com/arkeo/arkeo/internal/connectors/calendar.go:341.3,341.28 1 0
github.com/arkeo/arkeo/internal/connectors/calendar.go:341.28,343.4 1 0
github.com/arkeo/arkeo/internal/connectors/calendar.go:345.3,359.22 3 0
github.com/arkeo/arkeo/internal/connectors/calendar.go:359.22,362.4 1 0
github.com/arkeo/arkeo/internal/connectors/calendar.go:365.2,365.21 1 0
github.com/arkeo/arkeo/internal/connectors/calendar.go:365.21,369.3 3 0
github.com/arkeo/arkeo/internal/connectors/calendar.go:371.2,371.24 1 0
github.com/arkeo/arkeo/internal/connectors/calendar.go:388.77,394.21 5 0
github.com/arkeo/arkeo/internal/connectors/calendar.go:394.21,396.3 1 0
github.com/arkeo/arkeo/internal/connectors/calendar.go:400.2,403.21 3 0
github.com/arkeo/arkeo/internal/connectors/calendar.go:403.21,407.29 3 0
github.com/arkeo/arkeo/internal/connectors/calendar.go:407.29,410.23 3 0
github.com/arkeo/arkeo/internal/connectors/calendar.go:410.23,412.5 1 0
github.com/arkeo/arkeo/internal/connectors/calendar.go:413.9,413.57 1 0
github.com/arkeo/arkeo/internal/connectors/calendar.go:413.57,414.34 1 0
github.com/arkeo/arkeo/internal/connectors/calendar.go:414.34,416.24 2 0
github.com/arkeo/arkeo/internal/connectors/calendar.go:416.24,419.6 1 0
github.com/arkeo/arkeo/internal/connectors/calendar.go:420.10,421.24 1 0
github.com/arkeo/arkeo/internal/connectors/calendar.go:421.24,423.6 1 0
github.com/arkeo/arkeo/internal/connectors/calendar.go:425.4,425.22 1 0
github.com/arkeo/arkeo/internal/connectors/calendar.go:426.9,426.33 1 0
github.com/arkeo/arkeo/internal/connectors/calendar.go:426.33,428.4 1 0
github.com/arkeo/arkeo/internal/connectors/calendar.go:431.2,431.38 1 0
github.com/arkeo/arkeo/internal/connectors/calendar.go:431.38,432.22 1 0
github.com/arkeo/arkeo/internal/connectors/calendar.go:432.22,434.4 1 0
github.com/arkeo/arkeo/internal/connectors/calendar.go:435.3,435.18 1 0
github.com/arkeo/arkeo/internal/connectors/calendar.go:438.2,438.21 1 0
github.com/arkeo/arkeo/internal/connectors/calendar.go:438.21,441.3 1 0
github.com/arkeo/arkeo/internal/connectors/calendar.go:443.2,443.20 1 0
github.com/arkeo/arkeo/internal/connectors/calendar.go:447.74,449.67 1 0
github.com/arkeo/arkeo/internal/connectors/calendar.go:449.67,451.3 1 0
github.com/arkeo/arkeo/internal/connectors/calendar.go:454.2,455.21 2 0
github.com/arkeo/arkeo/internal/connectors/calendar.go:455.21,457.3 1 0
github.com/arkeo/arkeo/internal/connectors/calendar.go:459.2,466.18 5 0
github.com/arkeo/arkeo/internal/connectors/calendar.go:467.13,468.20 1 0
github.com/arkeo/arkeo/internal/connectors/calendar.go:469.17,470.45 1 0
github.com/arkeo/arkeo/internal/connectors/calendar.go:471.21,472.49 1 0
github.com/arkeo/arkeo/internal/connectors/calendar.go:473.18,474.46 1 0
github.com/arkeo/arkeo/internal/connectors/calendar.go:475.17,478.25 2 0
github.com/arkeo/arkeo/internal/connectors/calendar.go:478.25,480.33 2 0
github.com/arkeo/arkeo/internal/connectors/calendar.go:480.33,481.42 1 0
github.com/arkeo/arkeo/internal/connectors/calendar.go:481.42,483.11 2 0
github.com/arkeo/arkeo/internal/connectors/calendar.go:487.3,487.67 1 0
github.com/arkeo/arkeo/internal/connectors/calendar.go:487.67,489.4 1 0
github.com/arkeo/arkeo/internal/connectors/calendar.go:489.9,489.29 1 0
github.com/arkeo/arkeo/internal/connectors/calendar.go:489.29,491.4 1 0
github.com/arkeo/arkeo/internal/connectors/calendar.go:492.15,495.25 2 0
github.com/arkeo/arkeo/internal/connectors/calendar.go:495.25,497.33 2 0
github.com/arkeo/arkeo/internal/connectors/calendar.go:497.33,498.42 1 0
github.com/arkeo/arkeo/internal/connectors/calendar.go:498.42,500.11 2 0
github.com/arkeo/arkeo/internal/connectors/calendar.go:504.3,504.67 1 0
github.com/arkeo/arkeo/internal/connectors/calendar.go:504.67,506.4 1 0
github.com/arkeo/arkeo/internal/connectors/calendar.go:506.9,506.29 1 0
github.com/arkeo/arkeo/internal/connectors/calendar.go:506.29,508.4 1 0
github.com/arkeo/arkeo/internal/connectors/calendar.go:509.16,510.23 1 0
github.com/arkeo/arkeo/internal/connectors/calendar.go:511.19,513.42 1 0
github.com/arkeo/arkeo/internal/connectors/calendar.go:513.42,515.4 1 0
github.com/arkeo/arkeo/internal/connectors/calendar.go:515.9,517.4 1 0
github.com/arkeo/arkeo/internal/connectors/calendar.go:518.13,519.20 1 0
github.com/arkeo/arkeo/internal/connectors/calendar.go:524.92,536.33 4 0
github.com/arkeo/arkeo/internal/connectors/calendar.go:536.33,537.62 1 0
github.com/arkeo/arkeo/internal/connectors/calendar.go:537.62,538.9 1 0
github.com/arkeo/arkeo/internal/connectors/calendar.go:542.2,542.16 1 0
github.com/arkeo/arkeo/internal/connectors/calendar.go:542.16,543.22 1 0
github.com/arkeo/arkeo/internal/connectors/calendar.go:543.22,545.4 1 0
github.com/arkeo/arkeo/internal/connectors/calendar.go:546.3,546.73 1 0
github.com/arkeo/arkeo/internal/connectors/calendar.go:550.2,550.50 1 0
github.com/arkeo/arkeo/internal/connectors/calendar.go:550.50,553.17 2 0
github.com/arkeo/arkeo/internal/connectors/calendar.go:553.17,554.23 1 0
github.com/arkeo/arkeo/internal/connectors/calendar.go:554.23,556.5 1 0
github.com/arkeo/arkeo/internal/connectors/calendar.go:558.4,558.20 1 0
github.com/arkeo/arkeo/internal/connectors/calendar.go:562.3,562.74 1 0
github.com/arkeo/arkeo/internal/connectors/calendar.go:562.74,568.4 1 0
github.com/arkeo/arkeo/internal/connectors/calendar.go:571.3,573.22 2 0
github.com/arkeo/arkeo/internal/connectors/calendar.go:573.22,577.4 1 0
github.com/arkeo/arkeo/internal/connectors/calendar.go:578.8,578.42 1 0
github.com/arkeo/arkeo/internal/connectors/calendar.go:578.42,581.22 2 0
github.com/arkeo/arkeo/internal/connectors/calendar.go:581.22,585.4 1 0
github.com/arkeo/arkeo/internal/connectors/calendar.go:586.8,588.22 1 0
github.com/arkeo/arkeo/internal/connectors/calendar.go:588.22,591.4 1 0
github.com/arkeo/arkeo/internal/connectors/calendar.go:594.2,594.24 1 0
github.com/arkeo/arkeo/internal/connectors/calendar.go:598.68,605.2 5 0
github.com/arkeo/arkeo/internal/connectors/connector.go:74.50,126.2 1 115
github.com/arkeo/arkeo/internal/connectors/connector.go:134.48,138.2 1 6
github.com/arkeo/arkeo/internal/connectors/connector.go:141.59,143.2 1 9
github.com/arkeo/arkeo/internal/connectors/connector.go:146.64,149.2 2 4
github.com/arkeo/arkeo/internal/connectors/connector.go:152.57,154.44 2 2
github.com/arkeo/arkeo/internal/connectors/connector.go:154.44,156.3 1 5
github.com/arkeo/arkeo/internal/connectors/connector.go:157.2,157.15 1 2
github.com/arkeo/arkeo/internal/connectors/connector.go:161.63,163.44 2 2
github.com/arkeo/arkeo/internal/connectors/connector.go:163.44,164.28 1 5
github.com/arkeo/arkeo/internal/connectors/connector.go:164.28,166.4 1 3
github.com/arkeo/arkeo/internal/connectors/connector.go:168.2,168.15 1 2
github.com/arkeo/arkeo/internal/connectors/connector.go:181.64,187.37 3 66
github.com/arkeo/arkeo/internal/connectors/connector.go:187.37,188.27 1 462
github.com/arkeo/arkeo/internal/connectors/connector.go:188.27,190.4 1 462
github.com/arkeo/arkeo/internal/connectors/connector.go:193.2,199.3 1 66
github.com/arkeo/arkeo/internal/connectors/connector.go:203.44,205.49 1 148
github.com/arkeo/arkeo/internal/connectors/connector.go:205.49,207.3 1 0
github.com/arkeo/arkeo/internal/connectors/connector.go:210.2,210.70 1 148
github.com/arkeo/arkeo/internal/connectors/connector.go:210.70,211.43 1 148
github.com/arkeo/arkeo/internal/connectors/connector.go:211.43,213.4 1 3
github.com/arkeo/arkeo/internal/connectors/connector.go:217.2,217.56 1 145
github.com/arkeo/arkeo/internal/connectors/connector.go:217.56,218.62 1 3
github.com/arkeo/arkeo/internal/connectors/connector.go:218.62,220.4 1 1
github.com/arkeo/arkeo/internal/connectors/connector.go:224.2,224.52 1 144
github.com/arkeo/arkeo/internal/connectors/connector.go:224.52,226.56 1 2
github.com/arkeo/arkeo/internal/connectors/connector.go:226.56,228.4 1 2
github.com/arkeo/arkeo/internal/connectors/connector.go:231.2,231.14 1 142
github.com/arkeo/arkeo/internal/connectors/connector.go:235.54,237.2 1 0
github.com/arkeo/arkeo/internal/connectors/connector.go:240.121,242.16 2 0
github.com/arkeo/arkeo/internal/connectors/connector.go:242.16,244.3 1 0
github.com/arkeo/arkeo/internal/connectors/connector.go:245.2,245.17 1 0
github.com/arkeo/arkeo/internal/connectors/connector.go:249.124,251.16 2 0
github.com/arkeo/arkeo/internal/connectors/connector.go:251.16,253.3 1 0
github.com/arkeo/arkeo/internal/connectors/connector.go:255.2,256.17 2 0
github.com/arkeo/arkeo/internal/connectors/connector.go:260.116,262.2 1 0
github.com/arkeo/arkeo/internal/connectors/connector.go:265.39,267.2 1 15
github.com/arkeo/arkeo/internal/connectors/connector.go:270.46,272.2 1 6
github.com/arkeo/arkeo/internal/connectors/connector.go:275.42,277.2 1 16
github.com/arkeo/arkeo/internal/connectors/connector.go:280.50,282.2 1 9
github.com/arkeo/arkeo/internal/connectors/connector.go:285.72,291.39 3 23
github.com/arkeo/arkeo/internal/connectors/connector.go:291.39,292.27 1 161
github.com/arkeo/arkeo/internal/connectors/connector.go:292.27,294.4 1 161
github.com/arkeo/arkeo/internal/connectors/connector.go:298.2,298.35 1 23
github.com/arkeo/arkeo/internal/connectors/connector.go:298.35,300.3 1 169
github.com/arkeo/arkeo/internal/connectors/connector.go:303.2,303.33 1 23
github.com/arkeo/arkeo/internal/connectors/connector.go:303.33,305.3 1 57
github.com/arkeo/arkeo/internal/connectors/connector.go:308.2,308.55 1 23
github.com/arkeo/arkeo/internal/connectors/connector.go:308.55,310.3 1 0
github.com/arkeo/arkeo/internal/connectors/connector.go:313.2,316.65 2 23
github.com/arkeo/arkeo/internal/connectors/connector.go:316.65,318.3 1 23
github.com/arkeo/arkeo/internal/connectors/connector.go:320.2,320.12 1 23
github.com/arkeo/arkeo/internal/connectors/connector.go:324.60,326.2 1 1
github.com/arkeo/arkeo/internal/connectors/connector.go:329.60,330.34 1 23
github.com/arkeo/arkeo/internal/connectors/connector.go:330.34,331.34 1 18
github.com/arkeo/arkeo/internal/connectors/connector.go:331.34,333.4 1 17
github.com/arkeo/arkeo/internal/connectors/connector.go:335.2,335.11 1 6
github.com/arkeo/arkeo/internal/connectors/connector.go:339.56,340.34 1 156
github.com/arkeo/arkeo/internal/connectors/connector.go:340.34,341.36 1 155
github.com/arkeo/arkeo/internal/connectors/connector.go:341.36,343.4 1 154
github.com/arkeo/arkeo/internal/connectors/connector.go:345.2,345.14 1 2
github.com/arkeo/arkeo/internal/connectors/connector.go:349.54,350.34 1 6
github.com/arkeo/arkeo/internal/connectors/connector.go:350.34,351.26 1 5
github.com/arkeo/arkeo/internal/connectors/connector.go:352.12,353.12 1 3
github.com/arkeo/arkeo/internal/connectors/connector.go:354.16,355.17 1 1
github.com/arkeo/arkeo/internal/connectors/connector.go:358.2,358.10 1 2
github.com/arkeo/arkeo/internal/connectors/connector.go:362.59,367.37 3 24
github.com/arkeo/arkeo/internal/connectors/connector.go:367.37,369.3 1 168
github.com/arkeo/arkeo/internal/connectors/connector.go:371.2,371.15 1 24
github.com/arkeo/arkeo/internal/connectors/connector.go:375.77,378.2 1 24
github.com/arkeo/arkeo/internal/connectors/connector.go:381.68,391.39 5 2
github.com/arkeo/arkeo/internal/connectors/connector.go:391.39,393.3 1 12
github.com/arkeo/arkeo/internal/connectors/connector.go:396.2,396.37 1 2
github.com/arkeo/arkeo/internal/connectors/connector.go:396.37,397.31 1 14
github.com/arkeo/arkeo/internal/connectors/connector.go:397.31,399.4 1 14
github.com/arkeo/arkeo/internal/connectors/connector.go:402.2,402.15 1 2
github.com/arkeo/arkeo/internal/connectors/connector.go:406.94,407.39 1 25
github.com/arkeo/arkeo/internal/connectors/connector.go:407.39,408.21 1 181
github.com/arkeo/arkeo/internal/connectors/connector.go:408.21,410.29 2 0
github.com/arkeo/arkeo/internal/connectors/connector.go:410.29,412.5 1 0
github.com/arkeo/arkeo/internal/connectors/connector.go:415.4,415.22 1 0
github.com/arkeo/arkeo/internal/connectors/connector.go:416.18,417.50 1 0
github.com/arkeo/arkeo/internal/connectors/connector.go:417.50,419.6 1 0
github.com/arkeo/arkeo/internal/connectors/connector.go:420.15,421.32 1 0
github.com/arkeo/arkeo/internal/connectors/connector.go:421.32,422.37 1 0
github.com/arkeo/arkeo/internal/connectors/connector.go:422.37,424.7 1 0
github.com/arkeo/arkeo/internal/connectors/connector.go:426.16,427.33 1 0
github.com/arkeo/arkeo/internal/connectors/connector.go:427.33,429.6 1 0
github.com/arkeo/arkeo/internal/connectors/connector.go:430.18,431.50 1 0
github.com/arkeo/arkeo/internal/connectors/connector.go:431.50,433.6 1 0
github.com/arkeo/arkeo/internal/connectors/connector.go:438.2,438.12 1 25
github.com/arkeo/arkeo/internal/connectors/connector.go:444.39,445.13 1 6
github.com/arkeo/arkeo/internal/connectors/connector.go:445.13,447.3 1 0
github.com/arkeo/arkeo/internal/connectors/connector.go:448.2,450.18 3 6
github.com/arkeo/arkeo/internal/connectors/github.go:22.44,29.2 1 0
github.com/arkeo/arkeo/internal/connectors/github.go:35.61,61.2 2 0
github.com/arkeo/arkeo/internal/connectors/github.go:65.79,67.76 1 0
github.com/arkeo/arkeo/internal/connectors/github.go:67.76,69.3 1 0
github.com/arkeo/arkeo/internal/connectors/github.go:71.2,71.12 1 0
github.com/arkeo/arkeo/internal/connectors/github.go:75.69,77.17 2 0
github.com/arkeo/arkeo/internal/connectors/github.go:77.17,79.3 1 0
github.com/arkeo/arkeo/internal/connectors/github.go:83.2,84.16 2 0
github.com/arkeo/arkeo/internal/connectors/github.go:84.16,86.3 1 0
github.com/arkeo/arkeo/internal/connectors/github.go:88.2,91.16 3 0
github.com/arkeo/arkeo/internal/connectors/github.go:91.16,93.3 1 0
github.com/arkeo/arkeo/internal/connectors/github.go:94.2,96.38 2 0
github.com/arkeo/arkeo/internal/connectors/github.go:96.38,99.3 2 0
github.com/arkeo/arkeo/internal/connectors/github.go:101.2,101.12 1 0
github.com/arkeo/arkeo/internal/connectors/github.go:105.107,111.21 2 0
github.com/arkeo/arkeo/internal/connectors/github.go:111.21,113.3 1 0
github.com/arkeo/arkeo/internal/connectors/github.go:116.2,117.16 2 0
github.com/arkeo/arkeo/internal/connectors/github.go:117.16,119.3 1 0
github.com/arkeo/arkeo/internal/connectors/github.go:120.2,124.16 3 0
github.com/arkeo/arkeo/internal/connectors/github.go:124.16,126.3 1 0
github.com/arkeo/arkeo/internal/connectors/github.go:127.2,131.48 3 0
github.com/arkeo/arkeo/internal/connectors/github.go:131.48,132.22 1 0
github.com/arkeo/arkeo/internal/connectors/github.go:132.22,134.4 1 0
github.com/arkeo/arkeo/internal/connectors/github.go:135.3,135.37 1 0
github.com/arkeo/arkeo/internal/connectors/github.go:138.2,138.24 1 0
github.com/arkeo/arkeo/internal/connectors/github.go:142.104,154.16 7 0
github.com/arkeo/arkeo/internal/connectors/github.go:154.16,156.3 1 0
github.com/arkeo/arkeo/internal/connectors/github.go:158.2,161.16 3 0
github.com/arkeo/arkeo/internal/connectors/github.go:161.16,163.3 1 0
github.com/arkeo/arkeo/internal/connectors/github.go:164.2,166.38 2 0
github.com/arkeo/arkeo/internal/connectors/github.go:166.38,168.3 1 0
github.com/arkeo/arkeo/internal/connectors/github.go:170.2,188.73 2 0
github.com/arkeo/arkeo/internal/connectors/github.go:188.73,190.3 1 0
github.com/arkeo/arkeo/internal/connectors/github.go:192.2,193.42 2 0
github.com/arkeo/arkeo/internal/connectors/github.go:193.42,195.17 2 0
github.com/arkeo/arkeo/internal/connectors/github.go:195.17,196.12 1 0
github.com/arkeo/arkeo/internal/connectors/github.go:199.3,213.44 2 0
github.com/arkeo/arkeo/internal/connectors/github.go:216.2,216.24 1 0
github.com/arkeo/arkeo/internal/connectors/github.go:220.109,236.32 7 0
github.com/arkeo/arkeo/internal/connectors/github.go:236.32,240.17 3 0
github.com/arkeo/arkeo/internal/connectors/github.go:240.17,241.12 1 0
github.com/arkeo/arkeo/internal/connectors/github.go:244.3,247.17 3 0
github.com/arkeo/arkeo/internal/connectors/github.go:247.17,248.12 1 0
github.com/arkeo/arkeo/internal/connectors/github.go:251.3,251.39 1 0
github.com/arkeo/arkeo/internal/connectors/github.go:251.39,253.12 2 0
github.com/arkeo/arkeo/internal/connectors/github.go:256.3,276.74 2 0
github.com/arkeo/arkeo/internal/connectors/github.go:276.74,278.12 2 0
github.com/arkeo/arkeo/internal/connectors/github.go:280.3,282.43 2 0
github.com/arkeo/arkeo/internal/connectors/github.go:282.43,284.18 2 0
github.com/arkeo/arkeo/internal/connectors/github.go:284.18,285.13 1 0
github.com/arkeo/arkeo/internal/connectors/github.go:289.4,289.37 1 0
github.com/arkeo/arkeo/internal/connectors/github.go:289.37,290.13 1 0
github.com/arkeo/arkeo/internal/connectors/github.go:293.4,296.31 3 0
github.com/arkeo/arkeo/internal/connectors/github.go:296.31,298.5 1 0
github.com/arkeo/arkeo/internal/connectors/github.go:300.4,316.51 2 0
github.com/arkeo/arkeo/internal/connectors/github.go:320.2,320.27 1 0
github.com/arkeo/arkeo/internal/connectors/github.go:324.39,328.2 3 0
github.com/arkeo/arkeo/internal/connectors/gitlab.go:85.44,92.2 1 12
github.com/arkeo/arkeo/internal/connectors/gitlab.go:97.62,105.2 4 14
github.com/arkeo/arkeo/internal/connectors/gitlab.go:108.46,110.2 1 1
github.com/arkeo/arkeo/internal/connectors/gitlab.go:113.61,135.2 1 1
github.com/arkeo/arkeo/internal/connectors/gitlab.go:138.74,139.49 1 1
github.com/arkeo/arkeo/internal/connectors/gitlab.go:139.49,141.3 1 1
github.com/arkeo/arkeo/internal/connectors/gitlab.go:144.2,144.42 1 0
github.com/arkeo/arkeo/internal/connectors/gitlab.go:148.79,150.27 2 5
github.com/arkeo/arkeo/internal/connectors/gitlab.go:150.27,152.3 1 1
github.com/arkeo/arkeo/internal/connectors/gitlab.go:154.2,155.30 2 4
github.com/arkeo/arkeo/internal/connectors/gitlab.go:155.30,157.3 1 2
github.com/arkeo/arkeo/internal/connectors/gitlab.go:160.2,160.75 1 2
github.com/arkeo/arkeo/internal/connectors/gitlab.go:160.75,161.49 1 2
github.com/arkeo/arkeo/internal/connectors/gitlab.go:161.49,163.4 1 1
github.com/arkeo/arkeo/internal/connectors/gitlab.go:166.2,166.12 1 1
github.com/arkeo/arkeo/internal/connectors/gitlab.go:170.69,172.21 2 0
github.com/arkeo/arkeo/internal/connectors/gitlab.go:172.21,174.3 1 0
github.com/arkeo/arkeo/internal/connectors/gitlab.go:176.2,177.23 2 0
github.com/arkeo/arkeo/internal/connectors/gitlab.go:177.23,179.3 1 0
github.com/arkeo/arkeo/internal/connectors/gitlab.go:182.2,184.21 2 0
github.com/arkeo/arkeo/internal/connectors/gitlab.go:184.21,186.3 1 0
github.com/arkeo/arkeo/internal/connectors/gitlab.go:189.2,190.16 2 0
github.com/arkeo/arkeo/internal/connectors/gitlab.go:190.16,192.3 1 0
github.com/arkeo/arkeo/internal/connectors/gitlab.go:195.2,200.16 4 0
github.com/arkeo/arkeo/internal/connectors/gitlab.go:200.16,202.3 1 0
github.com/arkeo/arkeo/internal/connectors/gitlab.go:203.2,205.21 2 0
github.com/arkeo/arkeo/internal/connectors/gitlab.go:205.21,207.3 1 0
github.com/arkeo/arkeo/internal/connectors/gitlab.go:209.2,209.48 1 0
github.com/arkeo/arkeo/internal/connectors/gitlab.go:209.48,211.3 1 0
github.com/arkeo/arkeo/internal/connectors/gitlab.go:213.2,213.38 1 0
github.com/arkeo/arkeo/internal/connectors/gitlab.go:213.38,215.22 2 0
github.com/arkeo/arkeo/internal/connectors/gitlab.go:215.22,217.4 1 0
github.com/arkeo/arkeo/internal/connectors/gitlab.go:218.3,218.87 1 0
github.com/arkeo/arkeo/internal/connectors/gitlab.go:222.2,223.16 2 0
github.com/arkeo/arkeo/internal/connectors/gitlab.go:223.16,225.3 1 0
github.com/arkeo/arkeo/internal/connectors/gitlab.go:228.2,229.54 2 0
github.com/arkeo/arkeo/internal/connectors/gitlab.go:229.54,231.3 1 0
github.com/arkeo/arkeo/internal/connectors/gitlab.go:233.2,233.21 1 0
github.com/arkeo/arkeo/internal/connectors/gitlab.go:233.21,235.3 1 0
github.com/arkeo/arkeo/internal/connectors/gitlab.go:237.2,237.12 1 0
github.com/arkeo/arkeo/internal/connectors/gitlab.go:242.107,244.21 2 0
github.com/arkeo/arkeo/internal/connectors/gitlab.go:244.21,246.3 1 0
github.com/arkeo/arkeo/internal/connectors/gitlab.go:248.2,251.21 3 0
github.com/arkeo/arkeo/internal/connectors/gitlab.go:251.21,253.3 1 0
github.com/arkeo/arkeo/internal/connectors/gitlab.go:256.2,257.16 2 0
github.com/arkeo/arkeo/internal/connectors/gitlab.go:257.16,259.3 1 0
github.com/arkeo/arkeo/internal/connectors/gitlab.go:261.2,261.21 1 0
github.com/arkeo/arkeo/internal/connectors/gitlab.go:261.21,263.3 1 0
github.com/arkeo/arkeo/internal/connectors/gitlab.go:265.2,268.31 2 0
github.com/arkeo/arkeo/internal/connectors/gitlab.go:268.31,270.22 2 0
github.com/arkeo/arkeo/internal/connectors/gitlab.go:270.22,272.4 1 0
github.com/arkeo/arkeo/internal/connectors/gitlab.go:275.2,275.21 1 0
github.com/arkeo/arkeo/internal/connectors/gitlab.go:275.21,277.3 1 0
github.com/arkeo/arkeo/internal/connectors/gitlab.go:279.2,279.27 1 0
github.com/arkeo/arkeo/internal/connectors/gitlab.go:283.128,293.21 7 0
github.com/arkeo/arkeo/internal/connectors/gitlab.go:293.21,295.3 1 0
github.com/arkeo/arkeo/internal/connectors/gitlab.go:297.2,297.23 1 0
github.com/arkeo/arkeo/internal/connectors/gitlab.go:297.23,301.22 2 0
github.com/arkeo/arkeo/internal/connectors/gitlab.go:301.22,303.4 1 0
github.com/arkeo/arkeo/internal/connectors/gitlab.go:305.3,306.17 2 0
github.com/arkeo/arkeo/internal/connectors/gitlab.go:306.17,308.4 1 0
github.com/arkeo/arkeo/internal/connectors/gitlab.go:310.3,314.17 4 0
github.com/arkeo/arkeo/internal/connectors/gitlab.go:314.17,316.4 1 0
github.com/arkeo/arkeo/internal/connectors/gitlab.go:318.3,318.39 1 0
github.com/arkeo/arkeo/internal/connectors/gitlab.go:318.39,322.4 3 0
github.com/arkeo/arkeo/internal/connectors/gitlab.go:324.3,326.17 3 0
github.com/arkeo/arkeo/internal/connectors/gitlab.go:326.17,328.4 1 0
github.com/arkeo/arkeo/internal/connectors/gitlab.go:330.3,331.59 2 0
github.com/arkeo/arkeo/internal/connectors/gitlab.go:331.59,333.4 1 0
github.com/arkeo/arkeo/internal/connectors/gitlab.go:335.3,335.27 1 0
github.com/arkeo/arkeo/internal/connectors/gitlab.go:335.27,336.23 1 0
github.com/arkeo/arkeo/internal/connectors/gitlab.go:336.23,338.5 1 0
github.com/arkeo/arkeo/internal/connectors/gitlab.go:339.4,339.9 1 0
github.com/arkeo/arkeo/internal/connectors/gitlab.go:343.3,345.36 2 0
github.com/arkeo/arkeo/internal/connectors/gitlab.go:345.36,347.18 2 0
github.com/arkeo/arkeo/internal/connectors/gitlab.go:347.18,348.24 1 0
github.com/arkeo/arkeo/internal/connectors/gitlab.go:348.24,350.6 1 0
github.com/arkeo/arkeo/internal/connectors/gitlab.go:351.5,351.13 1 0
github.com/arkeo/arkeo/internal/connectors/gitlab.go:355.4,355.64 1 0
github.com/arkeo/arkeo/internal/connectors/gitlab.go:355.64,357.5 1 0
github.com/arkeo/arkeo/internal/connectors/gitlab.go:357.10,357.43 1 0
github.com/arkeo/arkeo/internal/connectors/gitlab.go:357.43,361.10 2 0
github.com/arkeo/arkeo/internal/connectors/gitlab.go:365.3,365.22 1 0
github.com/arkeo/arkeo/internal/connectors/gitlab.go:365.22,368.4 1 0
github.com/arkeo/arkeo/internal/connectors/gitlab.go:371.3,371.19 1 0
github.com/arkeo/arkeo/internal/connectors/gitlab.go:371.19,372.23 1 0
github.com/arkeo/arkeo/internal/connectors/gitlab.go:372.23,374.5 1 0
github.com/arkeo/arkeo/internal/connectors/gitlab.go:375.4,375.9 1 0
github.com/arkeo/arkeo/internal/connectors/gitlab.go:379.3,379.32 1 0
github.com/arkeo/arkeo/internal/connectors/gitlab.go:379.32,380.23 1 0
github.com/arkeo/arkeo/internal/connectors/gitlab.go:380.23,382.5 1 0
github.com/arkeo/arkeo/internal/connectors/gitlab.go:383.4,383.9 1 0
github.com/arkeo/arkeo/internal/connectors/gitlab.go:386.3,386.9 1 0
github.com/arkeo/arkeo/internal/connectors/gitlab.go:389.2,389.21 1 0
github.com/arkeo/arkeo/internal/connectors/gitlab.go:389.21,391.3 1 0
github.com/arkeo/arkeo/internal/connectors/gitlab.go:393.2,393.26 1 0
github.com/arkeo/arkeo/internal/connectors/gitlab.go:397.88,400.16 2 2
github.com/arkeo/arkeo/internal/connectors/gitlab.go:400.16,401.22 1 0
github.com/arkeo/arkeo/internal/connectors/gitlab.go:401.22,403.4 1 0
github.com/arkeo/arkeo/internal/connectors/gitlab.go:404.3,404.25 1 0
github.com/arkeo/arkeo/internal/connectors/gitlab.go:408.2,408.26 1 2
github.com/arkeo/arkeo/internal/connectors/gitlab.go:409.19,410.56 1 1
github.com/arkeo/arkeo/internal/connectors/gitlab.go:411.36,412.69 1 0
github.com/arkeo/arkeo/internal/connectors/gitlab.go:412.69,414.4 1 0
github.com/arkeo/arkeo/internal/connectors/gitlab.go:414.9,414.69 1 0
github.com/arkeo/arkeo/internal/connectors/gitlab.go:414.69,416.4 1 0
github.com/arkeo/arkeo/internal/connectors/gitlab.go:417.22,418.59 1 0
github.com/arkeo/arkeo/internal/connectors/gitlab.go:419.17,420.64 1 0
github.com/arkeo/arkeo/internal/connectors/gitlab.go:420.64,422.4 1 0
github.com/arkeo/arkeo/internal/connectors/gitlab.go:422.9,422.110 1 0
github.com/arkeo/arkeo/internal/connectors/gitlab.go:422.110,424.4 1 0
github.com/arkeo/arkeo/internal/connectors/gitlab.go:428.2,428.21 1 1
github.com/arkeo/arkeo/internal/connectors/gitlab.go:428.21,430.3 1 0
github.com/arkeo/arkeo/internal/connectors/gitlab.go:432.2,432.58 1 1
github.com/arkeo/arkeo/internal/connectors/gitlab.go:436.113,437.27 1 3
github.com/arkeo/arkeo/internal/connectors/gitlab.go:437.27,439.3 1 0
github.com/arkeo/arkeo/internal/connectors/gitlab.go:442.2,443.17 2 3
github.com/arkeo/arkeo/internal/connectors/gitlab.go:443.17,444.38 1 1
github.com/arkeo/arkeo/internal/connectors/gitlab.go:444.38,446.4 1 0
github.com/arkeo/arkeo/internal/connectors/gitlab.go:446.9,448.4 1 1
github.com/arkeo/arkeo/internal/connectors/gitlab.go:452.2,453.26 2 3
github.com/arkeo/arkeo/internal/connectors/gitlab.go:453.26,455.3 1 3
github.com/arkeo/arkeo/internal/connectors/gitlab.go:455.8,457.3 1 0
github.com/arkeo/arkeo/internal/connectors/gitlab.go:459.2,459.36 1 3
github.com/arkeo/arkeo/internal/connectors/gitlab.go:459.36,461.3 1 2
github.com/arkeo/arkeo/internal/connectors/gitlab.go:464.2,465.59 2 3
github.com/arkeo/arkeo/internal/connectors/gitlab.go:465.59,466.38 1 3
github.com/arkeo/arkeo/internal/connectors/gitlab.go:466.38,469.4 1 1
github.com/arkeo/arkeo/internal/connectors/gitlab.go:469.9,472.4 1 2
github.com/arkeo/arkeo/internal/connectors/gitlab.go:473.8,473.33 1 0
github.com/arkeo/arkeo/internal/connectors/gitlab.go:473.33,476.3 1 0
github.com/arkeo/arkeo/internal/connectors/gitlab.go:478.2,496.3 1 3
[...]
github.com/arkeo/arkeo/internal/connectors/youtrack.go:371.22,373.4 1 0
github.com/arkeo/arkeo/internal/connectors/youtrack.go:374.3,374.81 1 0
github.com/arkeo/arkeo/internal/connectors/youtrack.go:377.2,378.65 2 0
github.com/arkeo/arkeo/internal/connectors/youtrack.go:378.65,380.3 1 0
github.com/arkeo/arkeo/internal/connectors/youtrack.go:382.2,382.19 1 0
github.com/arkeo/arkeo/internal/connectors/youtrack.go:386.126,391.20 3 0
github.com/arkeo/arkeo/internal/connectors/youtrack.go:391.20,393.3 1 0
github.com/arkeo/arkeo/internal/connectors/youtrack.go:398.2,406.44 6 0
github.com/arkeo/arkeo/internal/connectors/youtrack.go:406.44,408.3 1 0
github.com/arkeo/arkeo/internal/connectors/youtrack.go:410.2,410.21 1 0
github.com/arkeo/arkeo/internal/connectors/youtrack.go:410.21,412.3 1 0
github.com/arkeo/arkeo/internal/connectors/youtrack.go:415.2,419.21 3 0
github.com/arkeo/arkeo/internal/connectors/youtrack.go:419.21,421.3 1 0
github.com/arkeo/arkeo/internal/connectors/youtrack.go:422.2,429.39 6 0
github.com/arkeo/arkeo/internal/connectors/youtrack.go:429.39,431.3 1 0
github.com/arkeo/arkeo/internal/connectors/youtrack.go:432.2,432.41 1 0
github.com/arkeo/arkeo/internal/connectors/youtrack.go:432.41,434.3 1 0
github.com/arkeo/arkeo/internal/connectors/youtrack.go:435.2,435.43 1 0
github.com/arkeo/arkeo/internal/connectors/youtrack.go:435.43,437.3 1 0
github.com/arkeo/arkeo/internal/connectors/youtrack.go:440.2,440.26 1 0
github.com/arkeo/arkeo/internal/connectors/youtrack.go:440.26,443.22 2 0
github.com/arkeo/arkeo/internal/connectors/youtrack.go:443.22,445.4 1 0
github.com/arkeo/arkeo/internal/connectors/youtrack.go:448.2,449.21 2 0
github.com/arkeo/arkeo/internal/connectors/youtrack.go:449.21,451.3 1 0
github.com/arkeo/arkeo/internal/connectors/youtrack.go:454.2,454.38 1 0
github.com/arkeo/arkeo/internal/connectors/youtrack.go:454.38,456.3 1 0
github.com/arkeo/arkeo/internal/connectors/youtrack.go:458.2,461.24 2 0
github.com/arkeo/arkeo/internal/connectors/youtrack.go:461.24,462.22 1 0
github.com/arkeo/arkeo/internal/connectors/youtrack.go:462.22,464.4 1 0
github.com/arkeo/arkeo/internal/connectors/youtrack.go:467.2,467.21 1 0
github.com/arkeo/arkeo/internal/connectors/youtrack.go:467.21,474.37 7 0
github.com/arkeo/arkeo/internal/connectors/youtrack.go:474.37,476.4 1 0
github.com/arkeo/arkeo/internal/connectors/youtrack.go:477.3,481.25 3 0
github.com/arkeo/arkeo/internal/connectors/youtrack.go:481.25,483.4 1 0
github.com/arkeo/arkeo/internal/connectors/youtrack.go:486.2,487.16 2 0
github.com/arkeo/arkeo/internal/connectors/youtrack.go:487.16,489.3 1 0
github.com/arkeo/arkeo/internal/connectors/youtrack.go:490.2,493.16 3 0
github.com/arkeo/arkeo/internal/connectors/youtrack.go:493.16,495.3 1 0
github.com/arkeo/arkeo/internal/connectors/youtrack.go:496.2,498.38 2 0
github.com/arkeo/arkeo/internal/connectors/youtrack.go:498.38,502.21 3 0
github.com/arkeo/arkeo/internal/connectors/youtrack.go:502.21,504.4 1 0
github.com/arkeo/arkeo/internal/connectors/youtrack.go:506.3,506.22 1 0
github.com/arkeo/arkeo/internal/connectors/youtrack.go:506.22,509.21 3 0
github.com/arkeo/arkeo/internal/connectors/youtrack.go:509.21,511.5 1 0
github.com/arkeo/arkeo/internal/connectors/youtrack.go:512.4,512.105 1 0
github.com/arkeo/arkeo/internal/connectors/youtrack.go:515.3,515.47 1 0
github.com/arkeo/arkeo/internal/connectors/youtrack.go:515.47,518.50 2 0
github.com/arkeo/arkeo/internal/connectors/youtrack.go:518.50,520.5 1 0
github.com/arkeo/arkeo/internal/connectors/youtrack.go:520.10,520.50 1 0
github.com/arkeo/arkeo/internal/connectors/youtrack.go:520.50,522.5 1 0
github.com/arkeo/arkeo/internal/connectors/youtrack.go:522.10,522.110 1 0
github.com/arkeo/arkeo/internal/connectors/youtrack.go:522.110,524.5 1 0
github.com/arkeo/arkeo/internal/connectors/youtrack.go:524.10,524.127 1 0
github.com/arkeo/arkeo/internal/connectors/youtrack.go:524.127,526.5 1 0
github.com/arkeo/arkeo/internal/connectors/youtrack.go:526.10,526.28 1 0
github.com/arkeo/arkeo/internal/connectors/youtrack.go:526.28,528.5 1 0
github.com/arkeo/arkeo/internal/connectors/youtrack.go:529.4,529.42 1 0
github.com/arkeo/arkeo/internal/connectors/youtrack.go:531.3,531.101 1 0
github.com/arkeo/arkeo/internal/connectors/youtrack.go:534.2,534.21 1 0
github.com/arkeo/arkeo/internal/connectors/youtrack.go:534.21,536.3 1 0
github.com/arkeo/arkeo/internal/connectors/youtrack.go:538.2,539.71 2 0
github.com/arkeo/arkeo/internal/connectors/youtrack.go:539.71,540.22 1 0
github.com/arkeo/arkeo/internal/connectors/youtrack.go:540.22,542.4 1 0
github.com/arkeo/arkeo/internal/connectors/youtrack.go:543.3,543.18 1 0
github.com/arkeo/arkeo/internal/connectors/youtrack.go:546.2,546.21 1 0
github.com/arkeo/arkeo/internal/connectors/youtrack.go:546.21,548.3 1 0
github.com/arkeo/arkeo/internal/connectors/youtrack.go:550.2,552.21 2 0
github.com/arkeo/arkeo/internal/connectors/youtrack.go:552.21,554.3 1 0
github.com/arkeo/arkeo/internal/connectors/youtrack.go:556.2,556.33 1 0
github.com/arkeo/arkeo/internal/connectors/youtrack.go:560.100,563.42 2 0
github.com/arkeo/arkeo/internal/connectors/youtrack.go:563.42,564.31 1 0
github.com/arkeo/arkeo/internal/connectors/youtrack.go:564.31,566.4 1 0
github.com/arkeo/arkeo/internal/connectors/youtrack.go:567.3,568.22 2 0
github.com/arkeo/arkeo/internal/connectors/youtrack.go:568.22,570.4 1 0
github.com/arkeo/arkeo/internal/connectors/youtrack.go:570.9,570.29 1 0
github.com/arkeo/arkeo/internal/connectors/youtrack.go:570.29,572.4 1 0
github.com/arkeo/arkeo/internal/connectors/youtrack.go:575.2,575.19 1 0
github.com/arkeo/arkeo/internal/connectors/youtrack.go:580.73,581.18 1 70
github.com/arkeo/arkeo/internal/connectors/youtrack.go:581.18,583.3 1 17
github.com/arkeo/arkeo/internal/connectors/youtrack.go:585.2,585.21 1 53
github.com/arkeo/arkeo/internal/connectors/youtrack.go:585.21,587.3 1 0
github.com/arkeo/arkeo/internal/connectors/youtrack.go:589.2,589.27 1 53
github.com/arkeo/arkeo/internal/connectors/youtrack.go:590.14,591.11 1 25
github.com/arkeo/arkeo/internal/connectors/youtrack.go:592.30,593.22 1 18
github.com/arkeo/arkeo/internal/connectors/youtrack.go:593.22,595.4 1 0
github.com/arkeo/arkeo/internal/connectors/youtrack.go:600.3,600.40 1 18
github.com/arkeo/arkeo/internal/connectors/youtrack.go:600.40,601.40 1 13
github.com/arkeo/arkeo/internal/connectors/youtrack.go:601.40,602.24 1 13
github.com/arkeo/arkeo/internal/connectors/youtrack.go:602.24,604.6 1 0
github.com/arkeo/arkeo/internal/connectors/youtrack.go:605.5,605.19 1 13
github.com/arkeo/arkeo/internal/connectors/youtrack.go:610.3,610.48 1 5
github.com/arkeo/arkeo/internal/connectors/youtrack.go:610.48,611.48 1 1
github.com/arkeo/arkeo/internal/connectors/youtrack.go:611.48,612.24 1 1
github.com/arkeo/arkeo/internal/connectors/youtrack.go:612.24,614.6 1 0
github.com/arkeo/arkeo/internal/connectors/youtrack.go:615.5,615.23 1 1
github.com/arkeo/arkeo/internal/connectors/youtrack.go:619.3,619.42 1 4
github.com/arkeo/arkeo/internal/connectors/youtrack.go:619.42,620.42 1 1
github.com/arkeo/arkeo/internal/connectors/youtrack.go:620.42,621.24 1 1
github.com/arkeo/arkeo/internal/connectors/youtrack.go:621.24,623.6 1 0
github.com/arkeo/arkeo/internal/connectors/youtrack.go:624.5,624.20 1 1
github.com/arkeo/arkeo/internal/connectors/youtrack.go:629.3,629.56 1 3
github.com/arkeo/arkeo/internal/connectors/youtrack.go:629.56,630.48 1 1
github.com/arkeo/arkeo/internal/connectors/youtrack.go:630.48,631.24 1 1
github.com/arkeo/arkeo/internal/connectors/youtrack.go:631.24,633.6 1 0
github.com/arkeo/arkeo/internal/connectors/youtrack.go:634.5,634.19 1 1
github.com/arkeo/arkeo/internal/connectors/youtrack.go:639.3,640.40 2 2
github.com/arkeo/arkeo/internal/connectors/youtrack.go:640.40,641.50 1 10
github.com/arkeo/arkeo/internal/connectors/youtrack.go:641.50,642.66 1 0
github.com/arkeo/arkeo/internal/connectors/youtrack.go:642.66,643.25 1 0
github.com/arkeo/arkeo/internal/connectors/youtrack.go:643.25,645.7 1 0
github.com/arkeo/arkeo/internal/connectors/youtrack.go:646.6,646.21 1 0
github.com/arkeo/arkeo/internal/connectors/youtrack.go:652.3,652.27 1 2
github.com/arkeo/arkeo/internal/connectors/youtrack.go:652.27,653.53 1 4
github.com/arkeo/arkeo/internal/connectors/youtrack.go:653.53,654.13 1 4
github.com/arkeo/arkeo/internal/connectors/youtrack.go:656.4,656.48 1 0
github.com/arkeo/arkeo/internal/connectors/youtrack.go:656.48,657.24 1 0
github.com/arkeo/arkeo/internal/connectors/youtrack.go:657.24,659.6 1 0
github.com/arkeo/arkeo/internal/connectors/youtrack.go:660.5,660.15 1 0
github.com/arkeo/arkeo/internal/connectors/youtrack.go:664.3,664.22 1 2
github.com/arkeo/arkeo/internal/connectors/youtrack.go:664.22,666.4 1 0
github.com/arkeo/arkeo/internal/connectors/youtrack.go:667.3,667.12 1 2
github.com/arkeo/arkeo/internal/connectors/youtrack.go:668.21,670.26 2 9
github.com/arkeo/arkeo/internal/connectors/youtrack.go:670.26,671.63 1 14
github.com/arkeo/arkeo/internal/connectors/youtrack.go:671.63,673.5 1 14
github.com/arkeo/arkeo/internal/connectors/youtrack.go:675.3,675.22 1 9
github.com/arkeo/arkeo/internal/connectors/youtrack.go:675.22,677.23 2 8
github.com/arkeo/arkeo/internal/connectors/youtrack.go:677.23,679.5 1 0
github.com/arkeo/arkeo/internal/connectors/youtrack.go:680.4,680.17 1 8
github.com/arkeo/arkeo/internal/connectors/youtrack.go:682.3,682.12 1 1
github.com/arkeo/arkeo/internal/connectors/youtrack.go:683.10,686.22 2 1
github.com/arkeo/arkeo/internal/connectors/youtrack.go:686.22,688.4 1 0
github.com/arkeo/arkeo/internal/connectors/youtrack.go:689.3,689.16 1 1
github.com/arkeo/arkeo/internal/connectors/youtrack.go:694.52,696.19 2 0
github.com/arkeo/arkeo/internal/connectors/youtrack.go:696.19,698.3 1 0
github.com/arkeo/arkeo/internal/connectors/youtrack.go:699.2,699.13 1 0
github.com/arkeo/arkeo/internal/connectors/youtrack.go:703.93,707.21 2 10
github.com/arkeo/arkeo/internal/connectors/youtrack.go:707.21,710.3 1 0
github.com/arkeo/arkeo/internal/connectors/youtrack.go:713.2,714.66 2 10
github.com/arkeo/arkeo/internal/connectors/youtrack.go:714.66,716.72 1 10
github.com/arkeo/arkeo/internal/connectors/youtrack.go:716.72,717.23 1 2
github.com/arkeo/arkeo/internal/connectors/youtrack.go:717.23,719.5 1 0
github.com/arkeo/arkeo/internal/connectors/youtrack.go:720.4,720.50 1 2
github.com/arkeo/arkeo/internal/connectors/youtrack.go:720.50,722.5 1 2
github.com/arkeo/arkeo/internal/connectors/youtrack.go:723.4,723.66 1 2
github.com/arkeo/arkeo/internal/connectors/youtrack.go:723.66,725.5 1 2
github.com/arkeo/arkeo/internal/connectors/youtrack.go:726.4,726.60 1 2
github.com/arkeo/arkeo/internal/connectors/youtrack.go:726.60,728.5 1 2
github.com/arkeo/arkeo/internal/connectors/youtrack.go:729.4,729.76 1 2
github.com/arkeo/arkeo/internal/connectors/youtrack.go:729.76,730.57 1 2
github.com/arkeo/arkeo/internal/connectors/youtrack.go:730.57,732.6 1 2
github.com/arkeo/arkeo/internal/connectors/youtrack.go:734.9,736.23 1 8
github.com/arkeo/arkeo/internal/connectors/youtrack.go:736.23,738.5 1 0
github.com/arkeo/arkeo/internal/connectors/youtrack.go:739.4,739.51 1 8
github.com/arkeo/arkeo/internal/connectors/youtrack.go:739.51,741.5 1 8
github.com/arkeo/arkeo/internal/connectors/youtrack.go:742.4,742.67 1 8
github.com/arkeo/arkeo/internal/connectors/youtrack.go:742.67,744.5 1 7
github.com/arkeo/arkeo/internal/connectors/youtrack.go:745.4,745.61 1 8
github.com/arkeo/arkeo/internal/connectors/youtrack.go:745.61,747.5 1 8
github.com/arkeo/arkeo/internal/connectors/youtrack.go:748.4,748.77 1 8
github.com/arkeo/arkeo/internal/connectors/youtrack.go:748.77,749.57 1 8
github.com/arkeo/arkeo/internal/connectors/youtrack.go:749.57,751.6 1 8
github.com/arkeo/arkeo/internal/connectors/youtrack.go:757.2,758.26 2 10
github.com/arkeo/arkeo/internal/connectors/youtrack.go:758.26,760.3 1 1
github.com/arkeo/arkeo/internal/connectors/youtrack.go:762.2,762.21 1 10
github.com/arkeo/arkeo/internal/connectors/youtrack.go:762.21,765.3 1 0
github.com/arkeo/arkeo/internal/connectors/youtrack.go:768.2,773.20 4 10
github.com/arkeo/arkeo/internal/connectors/youtrack.go:774.29,776.30 2 8
github.com/arkeo/arkeo/internal/connectors/youtrack.go:776.30,778.4 1 8
github.com/arkeo/arkeo/internal/connectors/youtrack.go:781.3,785.21 3 8
github.com/arkeo/arkeo/internal/connectors/youtrack.go:785.21,787.28 2 4
github.com/arkeo/arkeo/internal/connectors/youtrack.go:787.28,789.5 1 4
github.com/arkeo/arkeo/internal/connectors/youtrack.go:790.9,792.28 2 4
github.com/arkeo/arkeo/internal/connectors/youtrack.go:792.28,794.5 1 4
github.com/arkeo/arkeo/internal/connectors/youtrack.go:798.3,798.39 1 8
github.com/arkeo/arkeo/internal/connectors/youtrack.go:798.39,800.4 1 3
github.com/arkeo/arkeo/internal/connectors/youtrack.go:800.9,800.28 1 5
github.com/arkeo/arkeo/internal/connectors/youtrack.go:800.28,802.4 1 1
github.com/arkeo/arkeo/internal/connectors/youtrack.go:802.9,802.28 1 4
github.com/arkeo/arkeo/internal/connectors/youtrack.go:802.28,804.4 1 1
github.com/arkeo/arkeo/internal/connectors/youtrack.go:804.9,806.4 1 3
github.com/arkeo/arkeo/internal/connectors/youtrack.go:808.26,810.27 2 2
github.com/arkeo/arkeo/internal/connectors/youtrack.go:810.27,812.4 1 2
github.com/arkeo/arkeo/internal/connectors/youtrack.go:813.3,813.34 1 2
github.com/arkeo/arkeo/internal/connectors/youtrack.go:815.26,817.27 2 0
github.com/arkeo/arkeo/internal/connectors/youtrack.go:817.27,819.4 1 0
github.com/arkeo/arkeo/internal/connectors/youtrack.go:820.3,820.34 1 0
github.com/arkeo/arkeo/internal/connectors/youtrack.go:822.22,824.27 2 0
github.com/arkeo/arkeo/internal/connectors/youtrack.go:824.27,826.4 1 0
github.com/arkeo/arkeo/internal/connectors/youtrack.go:827.3,827.39 1 0
github.com/arkeo/arkeo/internal/connectors/youtrack.go:829.10,831.27 2 0
github.com/arkeo/arkeo/internal/connectors/youtrack.go:831.27,833.4 1 0
github.com/arkeo/arkeo/internal/connectors/youtrack.go:834.3,834.67 1 0
github.com/arkeo/arkeo/internal/connectors/youtrack.go:838.2,843.19 2 10
github.com/arkeo/arkeo/internal/connectors/youtrack.go:843.19,845.3 1 10
github.com/arkeo/arkeo/internal/connectors/youtrack.go:846.2,846.20 1 10
github.com/arkeo/arkeo/internal/connectors/youtrack.go:846.20,848.3 1 9
github.com/arkeo/arkeo/internal/connectors/youtrack.go:849.2,849.24 1 10
github.com/arkeo/arkeo/internal/connectors/youtrack.go:849.24,851.3 1 10
github.com/arkeo/arkeo/internal/connectors/youtrack.go:852.2,852.23 1 10
github.com/arkeo/arkeo/internal/connectors/youtrack.go:852.23,854.3 1 10
github.com/arkeo/arkeo/internal/connectors/youtrack.go:857.2,857.41 1 10
github.com/arkeo/arkeo/internal/connectors/youtrack.go:857.41,858.30 1 8
github.com/arkeo/arkeo/internal/connectors/youtrack.go:858.30,860.4 1 8
github.com/arkeo/arkeo/internal/connectors/youtrack.go:861.3,861.72 1 8
github.com/arkeo/arkeo/internal/connectors/youtrack.go:861.72,863.4 1 4
github.com/arkeo/arkeo/internal/connectors/youtrack.go:864.3,864.74 1 8
github.com/arkeo/arkeo/internal/connectors/youtrack.go:864.74,866.4 1 4
github.com/arkeo/arkeo/internal/connectors/youtrack.go:870.2,871.26 2 10
github.com/arkeo/arkeo/internal/connectors/youtrack.go:871.26,874.3 2 10
github.com/arkeo/arkeo/internal/connectors/youtrack.go:876.2,876.21 1 10
github.com/arkeo/arkeo/internal/connectors/youtrack.go:876.21,878.3 1 0
github.com/arkeo/arkeo/internal/connectors/youtrack.go:880.2,889.3 1 10
github.com/arkeo/arkeo/internal/utils/http_pool.go:38.54,40.2 1 3
github.com/arkeo/arkeo/internal/utils/http_pool.go:43.42,45.2 1 2
github.com/arkeo/arkeo/internal/utils/http_pool.go:48.70,53.43 2 1011
github.com/arkeo/arkeo/internal/utils/http_pool.go:53.43,55.3 1 1001
github.com/arkeo/arkeo/internal/utils/http_pool.go:58.2,61.68 2 10
github.com/arkeo/arkeo/internal/utils/http_pool.go:61.68,63.3 1 0
github.com/arkeo/arkeo/internal/utils/http_pool.go:65.2,65.15 1 10
github.com/arkeo/arkeo/internal/utils/http_pool.go:69.73,84.2 2 10
github.com/arkeo/arkeo/internal/utils/http_pool.go:87.64,96.2 1 1014
github.com/arkeo/arkeo/internal/utils/http_pool.go:99.34,100.52 1 1
github.com/arkeo/arkeo/internal/utils/http_pool.go:100.52,101.45 1 2
github.com/arkeo/arkeo/internal/utils/http_pool.go:101.45,102.63 1 2
github.com/arkeo/arkeo/internal/utils/http_pool.go:102.63,104.5 1 2
github.com/arkeo/arkeo/internal/utils/http_pool.go:106.3,107.14 2 2
github.com/arkeo/arkeo/internal/utils/http_pool.go:112.24,114.2 1 0
github.com/arkeo/arkeo/internal/utils/http_pool.go:117.63,121.2 3 1
github.com/arkeo/arkeo/internal/utils/http_pool.go:124.39,128.2 3 1
github.com/arkeo/arkeo/internal/utils/http_pool.go:131.83,136.2 4 1
github.com/arkeo/arkeo/internal/utils/parallel.go:33.46,38.2 1 5
github.com/arkeo/arkeo/internal/utils/parallel.go:41.97,46.2 1 1
github.com/arkeo/arkeo/internal/utils/parallel.go:52.143,54.2 1 7
github.com/arkeo/arkeo/internal/utils/parallel.go:57.190,67.44 4 7
github.com/arkeo/arkeo/internal/utils/parallel.go:67.44,75.49 3 12
github.com/arkeo/arkeo/internal/utils/parallel.go:75.49,77.17 2 12
github.com/arkeo/arkeo/internal/utils/parallel.go:77.17,77.32 1 12
github.com/arkeo/arkeo/internal/utils/parallel.go:80.4,80.31 1 12
github.com/arkeo/arkeo/internal/utils/parallel.go:80.31,82.5 1 0
github.com/arkeo/arkeo/internal/utils/parallel.go:85.4,100.31 7 12
github.com/arkeo/arkeo/internal/utils/parallel.go:100.31,102.19 2 0
github.com/arkeo/arkeo/internal/utils/parallel.go:102.19,104.6 1 0
github.com/arkeo/arkeo/internal/utils/parallel.go:105.5,105.55 1 0
github.com/arkeo/arkeo/internal/utils/parallel.go:108.4,108.21 1 12
github.com/arkeo/arkeo/internal/utils/parallel.go:113.2,113.12 1 7
github.com/arkeo/arkeo/internal/utils/parallel.go:113.12,116.3 2 7
github.com/arkeo/arkeo/internal/utils/parallel.go:119.2,120.30 2 7
github.com/arkeo/arkeo/internal/utils/parallel.go:120.30,122.3 1 12
github.com/arkeo/arkeo/internal/utils/parallel.go:124.2,124.19 1 7
github.com/arkeo/arkeo/internal/utils/parallel.go:129.161,135.33 3 2
github.com/arkeo/arkeo/internal/utils/parallel.go:135.33,136.26 1 3
github.com/arkeo/arkeo/internal/utils/parallel.go:136.26,138.12 2 0
github.com/arkeo/arkeo/internal/utils/parallel.go:141.3,141.14 1 3
github.com/arkeo/arkeo/internal/utils/parallel.go:141.14,144.4 1 0
github.com/arkeo/arkeo/internal/utils/parallel.go:146.3,146.66 1 3
github.com/arkeo/arkeo/internal/utils/parallel.go:149.2,149.24 1 2
github.com/arkeo/arkeo/internal/utils/parallel.go:153.154,170.33 6 2
github.com/arkeo/arkeo/internal/utils/parallel.go:170.33,173.26 2 3
github.com/arkeo/arkeo/internal/utils/parallel.go:173.26,176.4 2 1
github.com/arkeo/arkeo/internal/utils/parallel.go:176.9,180.4 3 2
github.com/arkeo/arkeo/internal/utils/parallel.go:183.2,183.31 1 2
github.com/arkeo/arkeo/internal/utils/parallel.go:198.41,199.28 1 1
github.com/arkeo/arkeo/internal/utils/parallel.go:199.28,201.3 1 0
github.com/arkeo/arkeo/internal/utils/parallel.go:203.2,213.3 2 1
github.com/arkeo/arkeo/internal/utils/parallel.go:217.71,221.49 3 1
github.com/arkeo/arkeo/internal/utils/parallel.go:221.49,222.33 1 3
github.com/arkeo/arkeo/internal/utils/parallel.go:222.33,225.4 2 3
github.com/arkeo/arkeo/internal/utils/parallel.go:228.2,228.37 1 1
github.com/arkeo/arkeo/internal/utils/parallel.go:232.71,237.49 4 1
github.com/arkeo/arkeo/internal/utils/parallel.go:237.49,238.43 1 3
github.com/arkeo/arkeo/internal/utils/parallel.go:238.43,242.4 3 1
github.com/arkeo/arkeo/internal/utils/parallel.go:245.2,245.37 1 1
github.com/arkeo/arkeo/internal/utils/parallel.go:249.42,251.2 1 2
github.com/arkeo/arkeo/internal/utils/parallel.go:257.136,259.2 1 1
github.com/arkeo/arkeo/internal/utils/parallel.go:262.169,268.33 3 0
github.com/arkeo/arkeo/internal/utils/parallel.go:268.33,269.26 1 0
github.com/arkeo/arkeo/internal/utils/parallel.go:269.26,270.12 1 0
github.com/arkeo/arkeo/internal/utils/parallel.go:272.3,272.66 1 0
github.com/arkeo/arkeo/internal/utils/parallel.go:275.2,275.24 1 0
github.com/arkeo/arkeo/internal/utils/parallel.go:279.141,281.2 1 1
